#
# A fatal error has been detected by the Java Runtime Environment:
#
#  SIGBUS (0x7) at pc=0x00007fc8b246dcbc, pid=4680, tid=4681
#
# JRE version: OpenJDK Runtime Environment GraalVM CE 22.3.0 (17.0.5+8) (build 17.0.5+8-jvmci-22.3-b08)
# Java VM: OpenJDK 64-Bit Server VM GraalVM CE 22.3.0 (17.0.5+8-jvmci-22.3-b08, mixed mode, sharing, tiered, jvmci, jvmci compiler, compressed oops, compressed class ptrs, g1 gc, linux-amd64)
# Problematic frame:
# V  [libjvm.so+0xc19cbc]  PerfTraceTime::~PerfTraceTime()+0x2c
#
# Core dump will be written. Default location: Core dumps may be processed with "/usr/share/apport/apport -p%p -s%s -c%c -d%d -P%P -u%u -g%g -- %E" (or dumping to /home/runner/NFLTeam/core.4680)
#
# If you would like to submit a bug report, please visit:
#   https://github.com/oracle/graal/issues
#

---------------  S U M M A R Y ------------

Command Line: -XX:ThreadPriorityPolicy=1 -XX:+UnlockExperimentalVMOptions -XX:+EnableJVMCIProduct -XX:JVMCIThreadsPerNativeLibraryRuntime=1 -XX:-UnlockExperimentalVMOptions Main

Host: Intel(R) Xeon(R) CPU @ 2.20GHz, 8 cores, 62G, Ubuntu 20.04.2 LTS
Time: Sun Feb 25 18:58:28 2024 UTC elapsed time: 176.431898 seconds (0d 0h 2m 56s)

---------------  T H R E A D  ---------------

Current thread (0x00007fc8ac025b90):  JavaThread "main" [_thread_in_vm, id=4681, stack(0x00007fc8b166f000,0x00007fc8b176f000)]

Stack: [0x00007fc8b166f000,0x00007fc8b176f000],  sp=0x00007fc8b176abb0,  free space=1006k
Native frames: (J=compiled Java code, j=interpreted, Vv=VM code, C=native code)
V  [libjvm.so+0xc19cbc]  PerfTraceTime::~PerfTraceTime()+0x2c
V  [libjvm.so+0xd3a388]  SystemDictionary::load_instance_class_impl(Symbol*, Handle, JavaThread*)+0x448
V  [libjvm.so+0xd387d8]  SystemDictionary::load_instance_class(unsigned int, Symbol*, Handle, JavaThread*)+0x28
V  [libjvm.so+0xd39368]  SystemDictionary::resolve_instance_class_or_null(Symbol*, Handle, Handle, JavaThread*)+0xa68
V  [libjvm.so+0xd3a9f6]  SystemDictionary::resolve_or_fail(Symbol*, Handle, Handle, bool, JavaThread*)+0x66
V  [libjvm.so+0x8d00cd]  find_class_from_class_loader(JNIEnv_*, Symbol*, unsigned char, Handle, Handle, unsigned char, JavaThread*)+0x2d
V  [libjvm.so+0x88d0f3]  jni_FindClass+0x1f3
C  [libjava.so+0x180a2]  JNU_NewObjectByName+0x82
C  [libjava.so+0x1877f]  JNU_ThrowByNameWithLastError+0x9f
C  [libjava.so+0x15db6]  readBytes+0x1f6
j  java.io.FileInputStream.readBytes([BII)I+0 java.base@17.0.5
j  java.io.FileInputStream.read([BII)I+4 java.base@17.0.5
j  java.io.BufferedInputStream.read1([BII)I+39 java.base@17.0.5
j  java.io.BufferedInputStream.read([BII)I+49 java.base@17.0.5
j  sun.nio.cs.StreamDecoder.readBytes()I+117 java.base@17.0.5
j  sun.nio.cs.StreamDecoder.implRead([CII)I+112 java.base@17.0.5
j  sun.nio.cs.StreamDecoder.read([CII)I+180 java.base@17.0.5
j  java.io.Reader.read(Ljava/nio/CharBuffer;)I+61 java.base@17.0.5
j  java.io.InputStreamReader.read(Ljava/nio/CharBuffer;)I+5 java.base@17.0.5
j  java.util.Scanner.readInput()V+70 java.base@17.0.5
j  java.util.Scanner.next()Ljava/lang/String;+48 java.base@17.0.5
j  Players.calculateSalary()V+31
j  Cornerback.calculateSalary()V+1
j  Main.main([Ljava/lang/String;)V+11
v  ~StubRoutines::call_stub
V  [libjvm.so+0x7f8bf5]  JavaCalls::call_helper(JavaValue*, methodHandle const&, JavaCallArguments*, JavaThread*)+0x315
V  [libjvm.so+0x89380d]  jni_invoke_static(JNIEnv_*, JavaValue*, _jobject*, JNICallType, _jmethodID*, JNI_ArgumentPusher*, JavaThread*) [clone .constprop.1]+0x38d
V  [libjvm.so+0x89664e]  jni_CallStaticVoidMethod+0x16e
C  [libjli.so+0x46ae]  JavaMain+0xcfe
C  [libjli.so+0x7d29]  ThreadJavaMain+0x9

Java frames: (J=compiled Java code, j=interpreted, Vv=VM code)
j  java.io.FileInputStream.readBytes([BII)I+0 java.base@17.0.5
j  java.io.FileInputStream.read([BII)I+4 java.base@17.0.5
j  java.io.BufferedInputStream.read1([BII)I+39 java.base@17.0.5
j  java.io.BufferedInputStream.read([BII)I+49 java.base@17.0.5
j  sun.nio.cs.StreamDecoder.readBytes()I+117 java.base@17.0.5
j  sun.nio.cs.StreamDecoder.implRead([CII)I+112 java.base@17.0.5
j  sun.nio.cs.StreamDecoder.read([CII)I+180 java.base@17.0.5
j  java.io.Reader.read(Ljava/nio/CharBuffer;)I+61 java.base@17.0.5
j  java.io.InputStreamReader.read(Ljava/nio/CharBuffer;)I+5 java.base@17.0.5
j  java.util.Scanner.readInput()V+70 java.base@17.0.5
j  java.util.Scanner.next()Ljava/lang/String;+48 java.base@17.0.5
j  Players.calculateSalary()V+31
j  Cornerback.calculateSalary()V+1
j  Main.main([Ljava/lang/String;)V+11
v  ~StubRoutines::call_stub

siginfo: si_signo: 7 (SIGBUS), si_code: 2 (BUS_ADRERR), si_addr: 0x00007fc8b1644930

Register to memory mapping:

RAX=0x00007fc8b1644930 is an unknown value
RBX=0x00007fc8b176ac20 is pointing into the stack for thread: 0x00007fc8ac025b90
RCX=0x0 is NULL
RDX=0x00000000000008ee is an unknown value
RSP=0x00007fc8b176abb0 is pointing into the stack for thread: 0x00007fc8ac025b90
RBP=0x00007fc8b176abc0 is pointing into the stack for thread: 0x00007fc8ac025b90
RSI=0x0 is NULL
RDI=0x0 is NULL
R8 =0x0 is NULL
R9 =0x0 is NULL
R10=0x0 is NULL
R11=0x0 is NULL
R12=0x0 is NULL
R13=0x00007fc8ac025b90 is a thread
R14=0x000000080044a428 is pointing into metadata
R15=0x00007fc8b176ac20 is pointing into the stack for thread: 0x00007fc8ac025b90


Registers:
RAX=0x00007fc8b1644930, RBX=0x00007fc8b176ac20, RCX=0x0000000000000000, RDX=0x00000000000008ee
RSP=0x00007fc8b176abb0, RBP=0x00007fc8b176abc0, RSI=0x0000000000000000, RDI=0x0000000000000000
R8 =0x0000000000000000, R9 =0x0000000000000000, R10=0x0000000000000000, R11=0x0000000000000000
R12=0x0000000000000000, R13=0x00007fc8ac025b90, R14=0x000000080044a428, R15=0x00007fc8b176ac20
RIP=0x00007fc8b246dcbc, EFLAGS=0x0000000000010206, CSGSFS=0x002b000000000033, ERR=0x0000000000000006
  TRAPNO=0x000000000000000e

Top of Stack: (sp=0x00007fc8b176abb0)
0x00007fc8b176abb0:   00007fc8b176abc0 00007fc8ac0023b0
0x00007fc8b176abc0:   00007fc8b176aca0 00007fc8b258e388
0x00007fc8b176abd0:   00007fc8ac1ba0e0 00007fc8b2a22210
0x00007fc8b176abe0:   00007fc800000000 00007fc8ac1ba0a0 

Instructions: (pc=0x00007fc8b246dcbc)
0x00007fc8b246dbbc:   e7 4c 8b 65 f8 c9 e9 e9 71 78 ff 66 0f 1f 84 00
0x00007fc8b246dbcc:   00 00 00 00 4c 8b 65 f8 c9 c3 66 2e 0f 1f 84 00
0x00007fc8b246dbdc:   00 00 00 00 48 85 f6 74 1b 55 48 8b 76 08 48 89
0x00007fc8b246dbec:   e5 e8 ae cf 62 ff 5d 85 c0 0f 94 c0 c3 0f 1f 80
0x00007fc8b246dbfc:   00 00 00 00 31 c0 c3 90 66 66 2e 0f 1f 84 00 00
0x00007fc8b246dc0c:   00 00 00 90 55 48 89 e5 41 57 41 56 41 55 41 54
0x00007fc8b246dc1c:   53 48 83 ec 18 48 8b 07 8b 10 89 55 c4 85 d2 7e
0x00007fc8b246dc2c:   5b 4c 8b 60 08 48 63 c2 48 89 f3 45 31 f6 48 89
0x00007fc8b246dc3c:   45 c8 eb 0a 49 83 c6 01 4c 39 75 c8 74 3e 4f 8b
0x00007fc8b246dc4c:   3c f4 4d 85 ff 74 ed 49 8b 77 08 48 89 df e8 41
0x00007fc8b246dc5c:   cf 62 ff 85 c0 75 dd 44 39 75 c4 b8 00 00 00 00
0x00007fc8b246dc6c:   4c 0f 4c f8 48 83 c4 18 4c 89 f8 5b 41 5c 41 5d
0x00007fc8b246dc7c:   41 5e 41 5f 5d c3 66 0f 1f 44 00 00 45 31 ff eb
0x00007fc8b246dc8c:   e3 90 66 90 48 8d 05 79 45 5b 00 80 38 00 75 04
0x00007fc8b246dc9c:   c3 0f 1f 00 55 48 89 e5 53 48 89 fb 48 83 ec 08
0x00007fc8b246dcac:   e8 6f a9 17 00 48 8b 43 18 48 8b 13 48 8b 40 28
0x00007fc8b246dcbc:   48 01 10 48 8b 5d f8 c9 c3 90 66 2e 0f 1f 84 00
0x00007fc8b246dccc:   00 00 00 00 55 48 89 e5 41 57 41 bf 01 00 00 00
0x00007fc8b246dcdc:   41 56 49 89 d6 41 55 49 89 fd 41 54 49 89 cc 53
0x00007fc8b246dcec:   48 83 ec 28 48 8b 7f 08 48 85 c9 48 89 55 b8 4c
0x00007fc8b246dcfc:   0f 45 f9 89 75 c4 e8 d9 cd 62 ff 31 d2 48 8d 58
0x00007fc8b246dd0c:   15 48 89 d8 49 f7 f6 48 89 55 b0 48 85 d2 74 0a
0x00007fc8b246dd1c:   49 29 d6 4c 89 75 b0 4c 01 f3 4c 0f af 7d b8 4e
0x00007fc8b246dd2c:   8d 44 3b 07 49 83 e0 f8 4c 89 c7 4d 89 c6 e8 a1
0x00007fc8b246dd3c:   21 00 00 49 89 c7 48 85 c0 0f 84 d5 00 00 00 4d
0x00007fc8b246dd4c:   8d 57 14 49 8b 75 08 49 8d 04 1f 4c 89 d7 48 89
0x00007fc8b246dd5c:   45 c8 e8 5d ce 62 ff 8b 4d c4 45 89 37 49 89 c2
0x00007fc8b246dd6c:   41 c7 47 04 14 00 00 00 31 c0 45 89 67 08 83 f9
0x00007fc8b246dd7c:   13 77 0e 48 8d 15 2a 3f 5b 00 48 63 c1 0f b6 04
0x00007fc8b246dd8c:   02 41 88 47 0c 41 8b 45 14 41 88 47 0e 41 8b 45
0x00007fc8b246dd9c:   10 41 88 47 0f 41 8b 45 1c 41 89 5f 10 41 88 47
0x00007fc8b246ddac:   0d 48 83 3d e3 3d 61 00 00 74 48 41 80 7d 18 00 


Stack slot to memory mapping:
stack at sp + 0 slots: 0x00007fc8b176abc0 is pointing into the stack for thread: 0x00007fc8ac025b90
stack at sp + 1 slots: 0x00007fc8ac0023b0 points into unknown readable memory: 0x00007fcf00000002 | 02 00 00 00 cf 7f 00 00
stack at sp + 2 slots: 0x00007fc8b176aca0 is pointing into the stack for thread: 0x00007fc8ac025b90
stack at sp + 3 slots: 0x00007fc8b258e388: <offset 0x0000000000d3a388> in /nix/store/gpxl5qgg8kicmcvivwmybwjlpf7wh20l-graalvm17-ce-22.3.0/lib/server/libjvm.so at 0x00007fc8b1854000
stack at sp + 4 slots: 0x00007fc8ac1ba0e0 points into unknown readable memory: 0x0000000003e362c9 | c9 62 e3 03 00 00 00 00
stack at sp + 5 slots: 0x00007fc8b2a22210: <offset 0x00000000011ce210> in /nix/store/gpxl5qgg8kicmcvivwmybwjlpf7wh20l-graalvm17-ce-22.3.0/lib/server/libjvm.so at 0x00007fc8b1854000
stack at sp + 6 slots: 0x00007fc800000000 is an unknown value
stack at sp + 7 slots: 0x00007fc8ac1ba0a0 points into unknown readable memory: 0x616a000762c90002 | 02 00 c9 62 07 00 6a 61


---------------  P R O C E S S  ---------------

Threads class SMR info:
_java_thread_list=0x00007fc828001010, length=11, elements={
0x00007fc8ac025b90, 0x00007fc8ac1ca2c0, 0x00007fc8ac1cb6f0, 0x00007fc8ac1d0a60,
0x00007fc8ac1d1e20, 0x00007fc8ac1d3240, 0x00007fc8ac1d4c60, 0x00007fc8ac1d61a0,
0x00007fc8ac1d7620, 0x00007fc8ac1ee5c0, 0x00007fc8ac235a60
}

Java Threads: ( => current thread )
=>0x00007fc8ac025b90 JavaThread "main" [_thread_in_vm, id=4681, stack(0x00007fc8b166f000,0x00007fc8b176f000)]
  0x00007fc8ac1ca2c0 JavaThread "Reference Handler" daemon [_thread_blocked, id=4688, stack(0x00007fc86dd29000,0x00007fc86de29000)]
  0x00007fc8ac1cb6f0 JavaThread "Finalizer" daemon [_thread_blocked, id=4689, stack(0x00007fc86dc29000,0x00007fc86dd29000)]
  0x00007fc8ac1d0a60 JavaThread "Signal Dispatcher" daemon [_thread_in_vm, id=4690, stack(0x00007fc86d01a000,0x00007fc86d11a000)]
  0x00007fc8ac1d1e20 JavaThread "Service Thread" daemon [_thread_blocked, id=4691, stack(0x00007fc86cf1a000,0x00007fc86d01a000)]
  0x00007fc8ac1d3240 JavaThread "Monitor Deflation Thread" daemon [_thread_blocked, id=4692, stack(0x00007fc86ce1a000,0x00007fc86cf1a000)]
  0x00007fc8ac1d4c60 JavaThread "JVMCI-native CompilerThread0" daemon [_thread_blocked, id=4693, stack(0x00007fc86cc1a000,0x00007fc86ce1a000)]
  0x00007fc8ac1d61a0 JavaThread "C1 CompilerThread0" daemon [_thread_blocked, id=4694, stack(0x00007fc86ca1a000,0x00007fc86cc1a000)]
  0x00007fc8ac1d7620 JavaThread "Sweeper thread" daemon [_thread_blocked, id=4695, stack(0x00007fc86c91a000,0x00007fc86ca1a000)]
  0x00007fc8ac1ee5c0 JavaThread "Common-Cleaner" daemon [_thread_blocked, id=4697, stack(0x00007fc86c61a000,0x00007fc86c71a000)]
  0x00007fc8ac235a60 JavaThread "Notification Thread" daemon [_thread_blocked, id=4698, stack(0x00007fc86c51a000,0x00007fc86c61a000)]

Other Threads:
  0x00007fc8ac1c5fe0 VMThread "VM Thread" [stack: 0x00007fc86de2b000,0x00007fc86df2b000] [id=4687]
  0x00007fc8ac237420 WatcherThread [stack: 0x00007fc86c41a000,0x00007fc86c51a000] [id=4699]
  0x00007fc8ac055b10 GCTaskThread "GC Thread#0" [stack: 0x00007fc8b0bef000,0x00007fc8b0cef000] [id=4682]
  0x00007fc8ac066c40 ConcurrentGCThread "G1 Main Marker" [stack: 0x00007fc8b0aed000,0x00007fc8b0bed000] [id=4683]
  0x00007fc8ac067ba0 ConcurrentGCThread "G1 Conc#0" [stack: 0x00007fc8b09eb000,0x00007fc8b0aeb000] [id=4684]
  0x00007fc8ac193120 ConcurrentGCThread "G1 Refine#0" [stack: 0x00007fc8b02e3000,0x00007fc8b03e3000] [id=4685]
  0x00007fc8ac194010 ConcurrentGCThread "G1 Service" [stack: 0x00007fc8b01e1000,0x00007fc8b02e1000] [id=4686]

Threads with active compile tasks:

VM state: not at safepoint (normal execution)

VM Mutex/Monitor currently owned by a thread: None

Heap address: 0x0000000413000000, size: 16080 MB, Compressed Oops mode: Zero based, Oop shift amount: 3

CDS archive(s) mapped at: [0x0000000800000000-0x0000000800bc8000-0x0000000800bc8000), size 12353536, SharedBaseAddress: 0x0000000800000000, ArchiveRelocationMode: 0.
Compressed class space mapped at: 0x0000000800c00000-0x0000000840c00000, reserved size: 1073741824
Narrow klass base: 0x0000000800000000, Narrow klass shift: 0, Narrow klass range: 0x100000000

GC Precious Log:
 CPUs: 8 total, 6 available
 Memory: 64292M
 Large Page Support: Disabled
 NUMA Support: Disabled
 Compressed Oops: Enabled (Zero based)
 Heap Region Size: 8M
 Heap Min Capacity: 8M
 Heap Initial Capacity: 1008M
 Heap Max Capacity: 16080M
 Pre-touch: Disabled
 Parallel Workers: 6
 Concurrent Workers: 2
 Concurrent Refinement Workers: 6
 Periodic GC: Disabled

Heap:
 garbage-first heap   total 1048576K, used 8012K [0x0000000413000000, 0x0000000800000000)
  region size 8192K, 1 young (8192K), 0 survivors (0K)
 Metaspace       used 521K, committed 704K, reserved 1056768K
  class space    used 30K, committed 128K, reserved 1048576K

Heap Regions: E=young(eden), S=young(survivor), O=old, HS=humongous(starts), HC=humongous(continues), CS=collection set, F=free, OA=open archive, CA=closed archive, TAMS=top-at-mark-start (previous, next)
|   0|0x0000000413000000, 0x0000000413000000, 0x0000000413800000|  0%| F|  |TAMS 0x0000000413000000, 0x0000000413000000| Untracked 
|   1|0x0000000413800000, 0x0000000413800000, 0x0000000414000000|  0%| F|  |TAMS 0x0000000413800000, 0x0000000413800000| Untracked 
|   2|0x0000000414000000, 0x0000000414000000, 0x0000000414800000|  0%| F|  |TAMS 0x0000000414000000, 0x0000000414000000| Untracked 
|   3|0x0000000414800000, 0x0000000414800000, 0x0000000415000000|  0%| F|  |TAMS 0x0000000414800000, 0x0000000414800000| Untracked 
|   4|0x0000000415000000, 0x0000000415000000, 0x0000000415800000|  0%| F|  |TAMS 0x0000000415000000, 0x0000000415000000| Untracked 
|   5|0x0000000415800000, 0x0000000415800000, 0x0000000416000000|  0%| F|  |TAMS 0x0000000415800000, 0x0000000415800000| Untracked 
|   6|0x0000000416000000, 0x0000000416000000, 0x0000000416800000|  0%| F|  |TAMS 0x0000000416000000, 0x0000000416000000| Untracked 
|   7|0x0000000416800000, 0x0000000416800000, 0x0000000417000000|  0%| F|  |TAMS 0x0000000416800000, 0x0000000416800000| Untracked 
|   8|0x0000000417000000, 0x0000000417000000, 0x0000000417800000|  0%| F|  |TAMS 0x0000000417000000, 0x0000000417000000| Untracked 
|   9|0x0000000417800000, 0x0000000417800000, 0x0000000418000000|  0%| F|  |TAMS 0x0000000417800000, 0x0000000417800000| Untracked 
|  10|0x0000000418000000, 0x0000000418000000, 0x0000000418800000|  0%| F|  |TAMS 0x0000000418000000, 0x0000000418000000| Untracked 
|  11|0x0000000418800000, 0x0000000418800000, 0x0000000419000000|  0%| F|  |TAMS 0x0000000418800000, 0x0000000418800000| Untracked 
|  12|0x0000000419000000, 0x0000000419000000, 0x0000000419800000|  0%| F|  |TAMS 0x0000000419000000, 0x0000000419000000| Untracked 
|  13|0x0000000419800000, 0x0000000419800000, 0x000000041a000000|  0%| F|  |TAMS 0x0000000419800000, 0x0000000419800000| Untracked 
|  14|0x000000041a000000, 0x000000041a000000, 0x000000041a800000|  0%| F|  |TAMS 0x000000041a000000, 0x000000041a000000| Untracked 
|  15|0x000000041a800000, 0x000000041a800000, 0x000000041b000000|  0%| F|  |TAMS 0x000000041a800000, 0x000000041a800000| Untracked 
|  16|0x000000041b000000, 0x000000041b000000, 0x000000041b800000|  0%| F|  |TAMS 0x000000041b000000, 0x000000041b000000| Untracked 
|  17|0x000000041b800000, 0x000000041b800000, 0x000000041c000000|  0%| F|  |TAMS 0x000000041b800000, 0x000000041b800000| Untracked 
|  18|0x000000041c000000, 0x000000041c000000, 0x000000041c800000|  0%| F|  |TAMS 0x000000041c000000, 0x000000041c000000| Untracked 
|  19|0x000000041c800000, 0x000000041c800000, 0x000000041d000000|  0%| F|  |TAMS 0x000000041c800000, 0x000000041c800000| Untracked 
|  20|0x000000041d000000, 0x000000041d000000, 0x000000041d800000|  0%| F|  |TAMS 0x000000041d000000, 0x000000041d000000| Untracked 
|  21|0x000000041d800000, 0x000000041d800000, 0x000000041e000000|  0%| F|  |TAMS 0x000000041d800000, 0x000000041d800000| Untracked 
|  22|0x000000041e000000, 0x000000041e000000, 0x000000041e800000|  0%| F|  |TAMS 0x000000041e000000, 0x000000041e000000| Untracked 
|  23|0x000000041e800000, 0x000000041e800000, 0x000000041f000000|  0%| F|  |TAMS 0x000000041e800000, 0x000000041e800000| Untracked 
|  24|0x000000041f000000, 0x000000041f000000, 0x000000041f800000|  0%| F|  |TAMS 0x000000041f000000, 0x000000041f000000| Untracked 
|  25|0x000000041f800000, 0x000000041f800000, 0x0000000420000000|  0%| F|  |TAMS 0x000000041f800000, 0x000000041f800000| Untracked 
|  26|0x0000000420000000, 0x0000000420000000, 0x0000000420800000|  0%| F|  |TAMS 0x0000000420000000, 0x0000000420000000| Untracked 
|  27|0x0000000420800000, 0x0000000420800000, 0x0000000421000000|  0%| F|  |TAMS 0x0000000420800000, 0x0000000420800000| Untracked 
|  28|0x0000000421000000, 0x0000000421000000, 0x0000000421800000|  0%| F|  |TAMS 0x0000000421000000, 0x0000000421000000| Untracked 
|  29|0x0000000421800000, 0x0000000421800000, 0x0000000422000000|  0%| F|  |TAMS 0x0000000421800000, 0x0000000421800000| Untracked 
|  30|0x0000000422000000, 0x0000000422000000, 0x0000000422800000|  0%| F|  |TAMS 0x0000000422000000, 0x0000000422000000| Untracked 
|  31|0x0000000422800000, 0x0000000422800000, 0x0000000423000000|  0%| F|  |TAMS 0x0000000422800000, 0x0000000422800000| Untracked 
|  32|0x0000000423000000, 0x0000000423000000, 0x0000000423800000|  0%| F|  |TAMS 0x0000000423000000, 0x0000000423000000| Untracked 
|  33|0x0000000423800000, 0x0000000423800000, 0x0000000424000000|  0%| F|  |TAMS 0x0000000423800000, 0x0000000423800000| Untracked 
|  34|0x0000000424000000, 0x0000000424000000, 0x0000000424800000|  0%| F|  |TAMS 0x0000000424000000, 0x0000000424000000| Untracked 
|  35|0x0000000424800000, 0x0000000424800000, 0x0000000425000000|  0%| F|  |TAMS 0x0000000424800000, 0x0000000424800000| Untracked 
|  36|0x0000000425000000, 0x0000000425000000, 0x0000000425800000|  0%| F|  |TAMS 0x0000000425000000, 0x0000000425000000| Untracked 
|  37|0x0000000425800000, 0x0000000425800000, 0x0000000426000000|  0%| F|  |TAMS 0x0000000425800000, 0x0000000425800000| Untracked 
|  38|0x0000000426000000, 0x0000000426000000, 0x0000000426800000|  0%| F|  |TAMS 0x0000000426000000, 0x0000000426000000| Untracked 
|  39|0x0000000426800000, 0x0000000426800000, 0x0000000427000000|  0%| F|  |TAMS 0x0000000426800000, 0x0000000426800000| Untracked 
|  40|0x0000000427000000, 0x0000000427000000, 0x0000000427800000|  0%| F|  |TAMS 0x0000000427000000, 0x0000000427000000| Untracked 
|  41|0x0000000427800000, 0x0000000427800000, 0x0000000428000000|  0%| F|  |TAMS 0x0000000427800000, 0x0000000427800000| Untracked 
|  42|0x0000000428000000, 0x0000000428000000, 0x0000000428800000|  0%| F|  |TAMS 0x0000000428000000, 0x0000000428000000| Untracked 
|  43|0x0000000428800000, 0x0000000428800000, 0x0000000429000000|  0%| F|  |TAMS 0x0000000428800000, 0x0000000428800000| Untracked 
|  44|0x0000000429000000, 0x0000000429000000, 0x0000000429800000|  0%| F|  |TAMS 0x0000000429000000, 0x0000000429000000| Untracked 
|  45|0x0000000429800000, 0x0000000429800000, 0x000000042a000000|  0%| F|  |TAMS 0x0000000429800000, 0x0000000429800000| Untracked 
|  46|0x000000042a000000, 0x000000042a000000, 0x000000042a800000|  0%| F|  |TAMS 0x000000042a000000, 0x000000042a000000| Untracked 
|  47|0x000000042a800000, 0x000000042a800000, 0x000000042b000000|  0%| F|  |TAMS 0x000000042a800000, 0x000000042a800000| Untracked 
|  48|0x000000042b000000, 0x000000042b000000, 0x000000042b800000|  0%| F|  |TAMS 0x000000042b000000, 0x000000042b000000| Untracked 
|  49|0x000000042b800000, 0x000000042b800000, 0x000000042c000000|  0%| F|  |TAMS 0x000000042b800000, 0x000000042b800000| Untracked 
|  50|0x000000042c000000, 0x000000042c000000, 0x000000042c800000|  0%| F|  |TAMS 0x000000042c000000, 0x000000042c000000| Untracked 
|  51|0x000000042c800000, 0x000000042c800000, 0x000000042d000000|  0%| F|  |TAMS 0x000000042c800000, 0x000000042c800000| Untracked 
|  52|0x000000042d000000, 0x000000042d000000, 0x000000042d800000|  0%| F|  |TAMS 0x000000042d000000, 0x000000042d000000| Untracked 
|  53|0x000000042d800000, 0x000000042d800000, 0x000000042e000000|  0%| F|  |TAMS 0x000000042d800000, 0x000000042d800000| Untracked 
|  54|0x000000042e000000, 0x000000042e000000, 0x000000042e800000|  0%| F|  |TAMS 0x000000042e000000, 0x000000042e000000| Untracked 
|  55|0x000000042e800000, 0x000000042e800000, 0x000000042f000000|  0%| F|  |TAMS 0x000000042e800000, 0x000000042e800000| Untracked 
|  56|0x000000042f000000, 0x000000042f000000, 0x000000042f800000|  0%| F|  |TAMS 0x000000042f000000, 0x000000042f000000| Untracked 
|  57|0x000000042f800000, 0x000000042f800000, 0x0000000430000000|  0%| F|  |TAMS 0x000000042f800000, 0x000000042f800000| Untracked 
|  58|0x0000000430000000, 0x0000000430000000, 0x0000000430800000|  0%| F|  |TAMS 0x0000000430000000, 0x0000000430000000| Untracked 
|  59|0x0000000430800000, 0x0000000430800000, 0x0000000431000000|  0%| F|  |TAMS 0x0000000430800000, 0x0000000430800000| Untracked 
|  60|0x0000000431000000, 0x0000000431000000, 0x0000000431800000|  0%| F|  |TAMS 0x0000000431000000, 0x0000000431000000| Untracked 
|  61|0x0000000431800000, 0x0000000431800000, 0x0000000432000000|  0%| F|  |TAMS 0x0000000431800000, 0x0000000431800000| Untracked 
|  62|0x0000000432000000, 0x0000000432000000, 0x0000000432800000|  0%| F|  |TAMS 0x0000000432000000, 0x0000000432000000| Untracked 
|  63|0x0000000432800000, 0x0000000432800000, 0x0000000433000000|  0%| F|  |TAMS 0x0000000432800000, 0x0000000432800000| Untracked 
|  64|0x0000000433000000, 0x0000000433000000, 0x0000000433800000|  0%| F|  |TAMS 0x0000000433000000, 0x0000000433000000| Untracked 
|  65|0x0000000433800000, 0x0000000433800000, 0x0000000434000000|  0%| F|  |TAMS 0x0000000433800000, 0x0000000433800000| Untracked 
|  66|0x0000000434000000, 0x0000000434000000, 0x0000000434800000|  0%| F|  |TAMS 0x0000000434000000, 0x0000000434000000| Untracked 
|  67|0x0000000434800000, 0x0000000434800000, 0x0000000435000000|  0%| F|  |TAMS 0x0000000434800000, 0x0000000434800000| Untracked 
|  68|0x0000000435000000, 0x0000000435000000, 0x0000000435800000|  0%| F|  |TAMS 0x0000000435000000, 0x0000000435000000| Untracked 
|  69|0x0000000435800000, 0x0000000435800000, 0x0000000436000000|  0%| F|  |TAMS 0x0000000435800000, 0x0000000435800000| Untracked 
|  70|0x0000000436000000, 0x0000000436000000, 0x0000000436800000|  0%| F|  |TAMS 0x0000000436000000, 0x0000000436000000| Untracked 
|  71|0x0000000436800000, 0x0000000436800000, 0x0000000437000000|  0%| F|  |TAMS 0x0000000436800000, 0x0000000436800000| Untracked 
|  72|0x0000000437000000, 0x0000000437000000, 0x0000000437800000|  0%| F|  |TAMS 0x0000000437000000, 0x0000000437000000| Untracked 
|  73|0x0000000437800000, 0x0000000437800000, 0x0000000438000000|  0%| F|  |TAMS 0x0000000437800000, 0x0000000437800000| Untracked 
|  74|0x0000000438000000, 0x0000000438000000, 0x0000000438800000|  0%| F|  |TAMS 0x0000000438000000, 0x0000000438000000| Untracked 
|  75|0x0000000438800000, 0x0000000438800000, 0x0000000439000000|  0%| F|  |TAMS 0x0000000438800000, 0x0000000438800000| Untracked 
|  76|0x0000000439000000, 0x0000000439000000, 0x0000000439800000|  0%| F|  |TAMS 0x0000000439000000, 0x0000000439000000| Untracked 
|  77|0x0000000439800000, 0x0000000439800000, 0x000000043a000000|  0%| F|  |TAMS 0x0000000439800000, 0x0000000439800000| Untracked 
|  78|0x000000043a000000, 0x000000043a000000, 0x000000043a800000|  0%| F|  |TAMS 0x000000043a000000, 0x000000043a000000| Untracked 
|  79|0x000000043a800000, 0x000000043a800000, 0x000000043b000000|  0%| F|  |TAMS 0x000000043a800000, 0x000000043a800000| Untracked 
|  80|0x000000043b000000, 0x000000043b000000, 0x000000043b800000|  0%| F|  |TAMS 0x000000043b000000, 0x000000043b000000| Untracked 
|  81|0x000000043b800000, 0x000000043b800000, 0x000000043c000000|  0%| F|  |TAMS 0x000000043b800000, 0x000000043b800000| Untracked 
|  82|0x000000043c000000, 0x000000043c000000, 0x000000043c800000|  0%| F|  |TAMS 0x000000043c000000, 0x000000043c000000| Untracked 
|  83|0x000000043c800000, 0x000000043c800000, 0x000000043d000000|  0%| F|  |TAMS 0x000000043c800000, 0x000000043c800000| Untracked 
|  84|0x000000043d000000, 0x000000043d000000, 0x000000043d800000|  0%| F|  |TAMS 0x000000043d000000, 0x000000043d000000| Untracked 
|  85|0x000000043d800000, 0x000000043d800000, 0x000000043e000000|  0%| F|  |TAMS 0x000000043d800000, 0x000000043d800000| Untracked 
|  86|0x000000043e000000, 0x000000043e000000, 0x000000043e800000|  0%| F|  |TAMS 0x000000043e000000, 0x000000043e000000| Untracked 
|  87|0x000000043e800000, 0x000000043e800000, 0x000000043f000000|  0%| F|  |TAMS 0x000000043e800000, 0x000000043e800000| Untracked 
|  88|0x000000043f000000, 0x000000043f000000, 0x000000043f800000|  0%| F|  |TAMS 0x000000043f000000, 0x000000043f000000| Untracked 
|  89|0x000000043f800000, 0x000000043f800000, 0x0000000440000000|  0%| F|  |TAMS 0x000000043f800000, 0x000000043f800000| Untracked 
|  90|0x0000000440000000, 0x0000000440000000, 0x0000000440800000|  0%| F|  |TAMS 0x0000000440000000, 0x0000000440000000| Untracked 
|  91|0x0000000440800000, 0x0000000440800000, 0x0000000441000000|  0%| F|  |TAMS 0x0000000440800000, 0x0000000440800000| Untracked 
|  92|0x0000000441000000, 0x0000000441000000, 0x0000000441800000|  0%| F|  |TAMS 0x0000000441000000, 0x0000000441000000| Untracked 
|  93|0x0000000441800000, 0x0000000441800000, 0x0000000442000000|  0%| F|  |TAMS 0x0000000441800000, 0x0000000441800000| Untracked 
|  94|0x0000000442000000, 0x0000000442000000, 0x0000000442800000|  0%| F|  |TAMS 0x0000000442000000, 0x0000000442000000| Untracked 
|  95|0x0000000442800000, 0x0000000442800000, 0x0000000443000000|  0%| F|  |TAMS 0x0000000442800000, 0x0000000442800000| Untracked 
|  96|0x0000000443000000, 0x0000000443000000, 0x0000000443800000|  0%| F|  |TAMS 0x0000000443000000, 0x0000000443000000| Untracked 
|  97|0x0000000443800000, 0x0000000443800000, 0x0000000444000000|  0%| F|  |TAMS 0x0000000443800000, 0x0000000443800000| Untracked 
|  98|0x0000000444000000, 0x0000000444000000, 0x0000000444800000|  0%| F|  |TAMS 0x0000000444000000, 0x0000000444000000| Untracked 
|  99|0x0000000444800000, 0x0000000444800000, 0x0000000445000000|  0%| F|  |TAMS 0x0000000444800000, 0x0000000444800000| Untracked 
| 100|0x0000000445000000, 0x0000000445000000, 0x0000000445800000|  0%| F|  |TAMS 0x0000000445000000, 0x0000000445000000| Untracked 
| 101|0x0000000445800000, 0x0000000445800000, 0x0000000446000000|  0%| F|  |TAMS 0x0000000445800000, 0x0000000445800000| Untracked 
| 102|0x0000000446000000, 0x0000000446000000, 0x0000000446800000|  0%| F|  |TAMS 0x0000000446000000, 0x0000000446000000| Untracked 
| 103|0x0000000446800000, 0x0000000446800000, 0x0000000447000000|  0%| F|  |TAMS 0x0000000446800000, 0x0000000446800000| Untracked 
| 104|0x0000000447000000, 0x0000000447000000, 0x0000000447800000|  0%| F|  |TAMS 0x0000000447000000, 0x0000000447000000| Untracked 
| 105|0x0000000447800000, 0x0000000447800000, 0x0000000448000000|  0%| F|  |TAMS 0x0000000447800000, 0x0000000447800000| Untracked 
| 106|0x0000000448000000, 0x0000000448000000, 0x0000000448800000|  0%| F|  |TAMS 0x0000000448000000, 0x0000000448000000| Untracked 
| 107|0x0000000448800000, 0x0000000448800000, 0x0000000449000000|  0%| F|  |TAMS 0x0000000448800000, 0x0000000448800000| Untracked 
| 108|0x0000000449000000, 0x0000000449000000, 0x0000000449800000|  0%| F|  |TAMS 0x0000000449000000, 0x0000000449000000| Untracked 
| 109|0x0000000449800000, 0x0000000449800000, 0x000000044a000000|  0%| F|  |TAMS 0x0000000449800000, 0x0000000449800000| Untracked 
| 110|0x000000044a000000, 0x000000044a000000, 0x000000044a800000|  0%| F|  |TAMS 0x000000044a000000, 0x000000044a000000| Untracked 
| 111|0x000000044a800000, 0x000000044a800000, 0x000000044b000000|  0%| F|  |TAMS 0x000000044a800000, 0x000000044a800000| Untracked 
| 112|0x000000044b000000, 0x000000044b000000, 0x000000044b800000|  0%| F|  |TAMS 0x000000044b000000, 0x000000044b000000| Untracked 
| 113|0x000000044b800000, 0x000000044b800000, 0x000000044c000000|  0%| F|  |TAMS 0x000000044b800000, 0x000000044b800000| Untracked 
| 114|0x000000044c000000, 0x000000044c000000, 0x000000044c800000|  0%| F|  |TAMS 0x000000044c000000, 0x000000044c000000| Untracked 
| 115|0x000000044c800000, 0x000000044c800000, 0x000000044d000000|  0%| F|  |TAMS 0x000000044c800000, 0x000000044c800000| Untracked 
| 116|0x000000044d000000, 0x000000044d000000, 0x000000044d800000|  0%| F|  |TAMS 0x000000044d000000, 0x000000044d000000| Untracked 
| 117|0x000000044d800000, 0x000000044d800000, 0x000000044e000000|  0%| F|  |TAMS 0x000000044d800000, 0x000000044d800000| Untracked 
| 118|0x000000044e000000, 0x000000044e000000, 0x000000044e800000|  0%| F|  |TAMS 0x000000044e000000, 0x000000044e000000| Untracked 
| 119|0x000000044e800000, 0x000000044e800000, 0x000000044f000000|  0%| F|  |TAMS 0x000000044e800000, 0x000000044e800000| Untracked 
| 120|0x000000044f000000, 0x000000044f000000, 0x000000044f800000|  0%| F|  |TAMS 0x000000044f000000, 0x000000044f000000| Untracked 
| 121|0x000000044f800000, 0x000000044f800000, 0x0000000450000000|  0%| F|  |TAMS 0x000000044f800000, 0x000000044f800000| Untracked 
| 122|0x0000000450000000, 0x0000000450000000, 0x0000000450800000|  0%| F|  |TAMS 0x0000000450000000, 0x0000000450000000| Untracked 
| 123|0x0000000450800000, 0x0000000450800000, 0x0000000451000000|  0%| F|  |TAMS 0x0000000450800000, 0x0000000450800000| Untracked 
| 124|0x0000000451000000, 0x0000000451000000, 0x0000000451800000|  0%| F|  |TAMS 0x0000000451000000, 0x0000000451000000| Untracked 
| 125|0x0000000451800000, 0x0000000451bd71c8, 0x0000000452000000| 48%| E|  |TAMS 0x0000000451800000, 0x0000000451800000| Complete 
|2008|0x00000007ff000000, 0x00000007ff746000, 0x00000007ff800000| 90%|OA|  |TAMS 0x00000007ff000000, 0x00000007ff000000| Untracked 
|2009