#
# A fatal error has been detected by the Java Runtime Environment:
#
#  SIGBUS (0x7) at pc=0x00007f90dae1e69e, pid=18, tid=66
#
# JRE version: OpenJDK Runtime Environment GraalVM CE 22.3.0 (17.0.5+8) (build 17.0.5+8-jvmci-22.3-b08)
# Java VM: OpenJDK 64-Bit Server VM GraalVM CE 22.3.0 (17.0.5+8-jvmci-22.3-b08, mixed mode, sharing, tiered, jvmci, jvmci compiler, compressed oops, compressed class ptrs, parallel gc, linux-amd64)
# Problematic frame:
# V  [libjvm.so+0xc1969e]  PerfLongVariant::sample()+0x1e
#
# Core dump will be written. Default location: Core dumps may be processed with "/usr/share/apport/apport -p%p -s%s -c%c -d%d -P%P -u%u -g%g -- %E" (or dumping to /home/runner/NFLTeam/core.18)
#
# If you would like to submit a bug report, please visit:
#   https://github.com/oracle/graal/issues
#

---------------  S U M M A R Y ------------

Command Line: -XX:ThreadPriorityPolicy=1 -XX:+UnlockExperimentalVMOptions -XX:+EnableJVMCIProduct -XX:JVMCIThreadsPerNativeLibraryRuntime=1 -XX:-UnlockExperimentalVMOptions -Declipse.application=org.eclipse.jdt.ls.core.id1 -Dosgi.bundles.defaultStartLevel=4 -Declipse.product=org.eclipse.jdt.ls.core.product -Dlog.level=ALL -Xverify:none -XX:+UseParallelGC -XX:GCTimeRatio=4 -XX:AdaptiveSizePolicyWeight=90 -Dsun.zip.disableMemoryMapping=true -Xmx512m -Xms100m /nix/store/q9712qvwdh22a4krw4jz2sjrz07mvjbl-jdt-language-server-1.9.0/share/java/plugins/org.eclipse.equinox.launcher_1.6.400.v20210924-0641.jar --add-modules=ALL-SYSTEM --add-opens java.base/java.util=ALL-UNNAMED --add-opens java.base/java.lang=ALL-UNNAMED -configuration /home/runner/NFLTeam/.cache/jdt-language-server/config -data /home/runner/.cache/jdt-language-server/data/home/runner/NFLTeam

Host: Intel(R) Xeon(R) CPU @ 2.20GHz, 8 cores, 3G, Ubuntu 20.04.2 LTS
Time: Sun Feb 25 18:58:26 2024 UTC elapsed time: 1683.024865 seconds (0d 0h 28m 3s)

---------------  T H R E A D  ---------------

Current thread (0x00007f90d4141b70):  WatcherThread [stack: 0x00007f90b9a48000,0x00007f90b9b48000] [id=66]

Stack: [0x00007f90b9a48000,0x00007f90b9b48000],  sp=0x00007f90b9b46cc0,  free space=1019k
Native frames: (J=compiled Java code, j=interpreted, Vv=VM code, C=native code)
V  [libjvm.so+0xc1969e]  PerfLongVariant::sample()+0x1e
V  [libjvm.so+0xcc65d2]  StatSamplerTask::task()+0x32
V  [libjvm.so+0xd471dc]  PeriodicTask::real_time_tick(int)+0x5c
V  [libjvm.so+0xbae367]  WatcherThread::run()+0x47
V  [libjvm.so+0xd85a40]  Thread::call_run()+0xc0
V  [libjvm.so+0xbdb1e1]  thread_native_entry(Thread*)+0xe1


siginfo: si_signo: 7 (SIGBUS), si_code: 2 (BUS_ADRERR), si_addr: 0x00007f90d9ff5ea8

Register to memory mapping:

RAX=0x00000000031a4398 is an unknown value
RBX=0x00007f90d9ff5ea8 points into unknown readable memory: 0x00000000031a4398 | 98 43 1a 03 00 00 00 00
RCX=0x0000000000000002 is an unknown value
RDX=0x0000000000000001 is an unknown value
RSP=0x00007f90b9b46cc0 points into unknown readable memory: 0x00007f90b9b46cf0 | f0 6c b4 b9 90 7f 00 00
RBP=0x00007f90b9b46cd0 points into unknown readable memory: 0x00007f90b9b46cf0 | f0 6c b4 b9 90 7f 00 00
RSI=0x0 is NULL
RDI=0x00007f90d4023718 points into unknown readable memory: 0x0000000000000000 | 00 00 00 00 00 00 00 00
R8 =0x00007f90d403e790 points into unknown readable memory: 0x00007f90db32d378 | 78 d3 32 db 90 7f 00 00
R9 =0x0 is NULL
R10=0x0 is NULL
R11=0x0000000000000246 is an unknown value
R12=0x00007f90d4141a90 points into unknown readable memory: 0x00007f90d4141ab0 | b0 1a 14 d4 90 7f 00 00
R13=0x0000000000000001 is an unknown value
R14=0x0000000000000002 is an unknown value
R15=0x00007f90db43cd40: <offset 0x0000000001237d40> in /nix/store/gpxl5qgg8kicmcvivwmybwjlpf7wh20l-graalvm17-ce-22.3.0/lib/server/libjvm.so at 0x00007f90da205000


Registers:
RAX=0x00000000031a4398, RBX=0x00007f90d9ff5ea8, RCX=0x0000000000000002, RDX=0x0000000000000001
RSP=0x00007f90b9b46cc0, RBP=0x00007f90b9b46cd0, RSI=0x0000000000000000, RDI=0x00007f90d4023718
R8 =0x00007f90d403e790, R9 =0x0000000000000000, R10=0x0000000000000000, R11=0x0000000000000246
R12=0x00007f90d4141a90, R13=0x0000000000000001, R14=0x0000000000000002, R15=0x00007f90db43cd40
RIP=0x00007f90dae1e69e, EFLAGS=0x0000000000010202, CSGSFS=0x002b000000000033, ERR=0x0000000000000007
  TRAPNO=0x000000000000000e

Top of Stack: (sp=0x00007f90b9b46cc0)
0x00007f90b9b46cc0:   00007f90b9b46cf0 0000000000000001
0x00007f90b9b46cd0:   00007f90b9b46cf0 00007f90daecb5d2
0x00007f90b9b46ce0:   0000000000000032 0000000000000032
0x00007f90b9b46cf0:   00007f90b9b46d40 00007f90daf4c1dc 

Instructions: (pc=0x00007f90dae1e69e)
0x00007f90dae1e59e:   40 00 31 f6 4c 89 e7 e8 36 d4 16 00 e9 80 ff ff
0x00007f90dae1e5ae:   ff 90 31 f6 4c 89 e7 e8 26 d4 16 00 e9 0f ff ff
0x00007f90dae1e5be:   ff 90 31 f6 4c 89 e7 e8 16 d4 16 00 e9 96 fe ff
0x00007f90dae1e5ce:   ff 90 be 01 00 00 00 4c 89 e7 e8 73 03 07 00 e9
0x00007f90dae1e5de:   63 fe ff ff 66 0f 1f 44 00 00 be 01 00 00 00 4c
0x00007f90dae1e5ee:   89 e7 e8 5b 03 07 00 e9 19 ff ff ff 66 0f 1f 44
0x00007f90dae1e5fe:   00 00 48 8d 05 01 3d 5b 00 48 8d 0d 3a d7 29 00
0x00007f90dae1e60e:   48 8d 15 49 d7 29 00 be 44 01 00 00 48 8d 3d 9f
0x00007f90dae1e61e:   f4 2e 00 48 8b 00 c6 00 58 31 c0 e8 32 21 9c ff
0x00007f90dae1e62e:   e8 4d c5 fb ff e9 ba fe ff ff 0f 1f 84 00 00 00
0x00007f90dae1e63e:   00 00 be 01 00 00 00 4c 89 e7 e8 03 03 07 00 e9
0x00007f90dae1e64e:   50 fe ff ff 66 0f 1f 44 00 00 4c 89 e7 45 31 e4
0x00007f90dae1e65e:   e8 cd 7e 16 00 e9 bc fd ff ff 0f 1f 84 00 00 00
0x00007f90dae1e66e:   00 00 66 66 66 66 66 66 2e 0f 1f 84 00 00 00 00
0x00007f90dae1e67e:   00 00 4c 8b 47 38 4d 85 c0 74 27 55 48 89 e5 53
0x00007f90dae1e68e:   48 83 ec 08 49 8b 00 48 8b 5f 28 4c 89 c7 ff 10
0x00007f90dae1e69e:   48 89 03 48 8b 5d f8 c9 c3 66 0f 1f 84 00 00 00
0x00007f90dae1e6ae:   00 00 c3 90 66 66 2e 0f 1f 84 00 00 00 00 00 0f
0x00007f90dae1e6be:   1f 00 49 89 f8 48 89 f7 48 63 f2 49 8b 40 28 48
0x00007f90dae1e6ce:   8d 15 fb 11 28 00 48 8b 08 31 c0 e9 d2 d3 62 ff
0x00007f90dae1e6de:   66 90 49 89 f8 31 c0 48 89 f7 48 63 f2 49 8b 48
0x00007f90dae1e6ee:   28 48 8d 15 9d 81 27 00 e9 b5 d3 62 ff 90 0f 1f
0x00007f90dae1e6fe:   40 00 55 48 8d 05 a8 b7 5a 00 66 41 0f 6e c0 66
0x00007f90dae1e70e:   0f 6e c9 66 0f 62 c1 48 89 e5 41 57 49 89 d7 41
0x00007f90dae1e71e:   56 41 55 4c 63 ee 41 54 53 48 89 fb 48 83 ec 18
0x00007f90dae1e72e:   48 89 07 48 8d 05 68 7f 5c 00 48 c7 47 08 00 00
0x00007f90dae1e73e:   00 00 4e 8b 34 e8 c6 47 18 00 48 c7 47 28 00 00
0x00007f90dae1e74e:   00 00 66 0f d6 47 10 48 89 d7 e8 83 d3 62 ff 4c
0x00007f90dae1e75e:   89 f7 48 89 45 c8 e8 77 d3 62 ff 48 8b 55 c8 be
0x00007f90dae1e76e:   08 00 00 00 48 8d 7c 02 02 31 d2 e8 b2 6e 78 ff
0x00007f90dae1e77e:   48 89 43 08 48 89 c7 41 83 fd 18 74 55 4c 89 f2
0x00007f90dae1e78e:   4c 89 f9 48 8d 35 3f 43 28 00 31 c0 e8 21 d5 62 


Stack slot to memory mapping:
stack at sp + 0 slots: 0x00007f90b9b46cf0 points into unknown readable memory: 0x00007f90b9b46d40 | 40 6d b4 b9 90 7f 00 00
stack at sp + 1 slots: 0x0000000000000001 is an unknown value
stack at sp + 2 slots: 0x00007f90b9b46cf0 points into unknown readable memory: 0x00007f90b9b46d40 | 40 6d b4 b9 90 7f 00 00
stack at sp + 3 slots: 0x00007f90daecb5d2: <offset 0x0000000000cc65d2> in /nix/store/gpxl5qgg8kicmcvivwmybwjlpf7wh20l-graalvm17-ce-22.3.0/lib/server/libjvm.so at 0x00007f90da205000
stack at sp + 4 slots: 0x0000000000000032 is an unknown value
stack at sp + 5 slots: 0x0000000000000032 is an unknown value
stack at sp + 6 slots: 0x00007f90b9b46d40 points into unknown readable memory: 0x00007f90b9b46dc0 | c0 6d b4 b9 90 7f 00 00
stack at sp + 7 slots: 0x00007f90daf4c1dc: <offset 0x0000000000d471dc> in /nix/store/gpxl5qgg8kicmcvivwmybwjlpf7wh20l-graalvm17-ce-22.3.0/lib/server/libjvm.so at 0x00007f90da205000


---------------  P R O C E S S  ---------------

Threads class SMR info:
_java_thread_list=0x00007f9044002800, length=22, elements={
0x00007f90d4025e10, 0x00007f90d40c6d80, 0x00007f90d40c81c0, 0x00007f90d40ce920,
0x00007f90d40cfcd0, 0x00007f90d40d10c0, 0x00007f90d40d2ab0, 0x00007f90d40d3fc0,
0x00007f90d40d5410, 0x00007f90d40f8a60, 0x00007f90d41401d0, 0x00007f90d43366e0,
0x00007f90d437dd50, 0x00007f90d4380dd0, 0x00007f906802f400, 0x00007f90681f6840,
0x00007f9068400ac0, 0x00007f90d43de220, 0x00007f90d44751d0, 0x00007f9040164bb0,
0x00007f902000a760, 0x00007f9038120bb0
}

Java Threads: ( => current thread )
  0x00007f90d4025e10 JavaThread "main" [_thread_blocked, id=51, stack(0x00007f90da020000,0x00007f90da120000)]
  0x00007f90d40c6d80 JavaThread "Reference Handler" daemon [_thread_blocked, id=54, stack(0x00007f90ba92e000,0x00007f90baa2e000)]
  0x00007f90d40c81c0 JavaThread "Finalizer" daemon [_thread_blocked, id=55, stack(0x00007f90ba82e000,0x00007f90ba92e000)]
  0x00007f90d40ce920 JavaThread "Signal Dispatcher" daemon [_thread_blocked, id=56, stack(0x00007f90ba448000,0x00007f90ba548000)]
  0x00007f90d40cfcd0 JavaThread "Service Thread" daemon [_thread_blocked, id=57, stack(0x00007f90ba348000,0x00007f90ba448000)]
  0x00007f90d40d10c0 JavaThread "Monitor Deflation Thread" daemon [_thread_blocked, id=58, stack(0x00007f90ba248000,0x00007f90ba348000)]
  0x00007f90d40d2ab0 JavaThread "JVMCI-native CompilerThread0" daemon [_thread_in_vm, id=59, stack(0x00007f90ba048000,0x00007f90ba248000)]
  0x00007f90d40d3fc0 JavaThread "C1 CompilerThread0" daemon [_thread_blocked, id=60, stack(0x00007f90b9e48000,0x00007f90ba048000)]
  0x00007f90d40d5410 JavaThread "Sweeper thread" daemon [_thread_blocked, id=61, stack(0x00007f90b9d48000,0x00007f90b9e48000)]
  0x00007f90d40f8a60 JavaThread "Common-Cleaner" daemon [_thread_blocked, id=63, stack(0x00007f90b9c48000,0x00007f90b9d48000)]
  0x00007f90d41401d0 JavaThread "Notification Thread" daemon [_thread_blocked, id=65, stack(0x00007f90b9b48000,0x00007f90b9c48000)]
  0x00007f90d43366e0 JavaThread "Active Thread: Equinox Container: d0265e3b-b0cf-4646-a20d-7a502c1a6e28" [_thread_blocked, id=82, stack(0x00007f90b8800000,0x00007f90b8900000)]
  0x00007f90d437dd50 JavaThread "Framework Event Dispatcher: Equinox Container: d0265e3b-b0cf-4646-a20d-7a502c1a6e28" daemon [_thread_blocked, id=83, stack(0x00007f90b8600000,0x00007f90b8700000)]
  0x00007f90d4380dd0 JavaThread "Start Level: Equinox Container: d0265e3b-b0cf-4646-a20d-7a502c1a6e28" daemon [_thread_blocked, id=84, stack(0x00007f90b8400000,0x00007f90b8500000)]
  0x00007f906802f400 JavaThread "SCR Component Actor" daemon [_thread_blocked, id=86, stack(0x00007f90b8200000,0x00007f90b8300000)]
  0x00007f90681f6840 JavaThread "Worker-JM" [_thread_blocked, id=94, stack(0x00007f9081b00000,0x00007f9081c00000)]
  0x00007f9068400ac0 JavaThread "Java indexing" daemon [_thread_blocked, id=97, stack(0x00007f9081500000,0x00007f9081600000)]
  0x00007f90d43de220 JavaThread "pool-3-thread-1" [_thread_blocked, id=101, stack(0x00007f9081300000,0x00007f9081400000)]
  0x00007f90d44751d0 JavaThread "pool-2-thread-1" [_thread_in_native, id=105, stack(0x00007f9081100000,0x00007f9081200000)]
  0x00007f9040164bb0 JavaThread "Bundle File Closer" daemon [_thread_blocked, id=116, stack(0x00007f90b8000000,0x00007f90b8100000)]
  0x00007f902000a760 JavaThread "Worker-9" [_thread_blocked, id=2198, stack(0x00007f9080f00000,0x00007f9081000000)]
  0x00007f9038120bb0 JavaThread "Worker-10" [_thread_blocked, id=4777, stack(0x00007f9081a00000,0x00007f9081b00000)]

Other Threads:
  0x00007f90d40c24c0 VMThread "VM Thread" [stack: 0x00007f90baa30000,0x00007f90bab30000] [id=53]
=>0x00007f90d4141b70 WatcherThread [stack: 0x00007f90b9a48000,0x00007f90b9b48000] [id=66]
  0x00007f90d403d710 GCTaskThread "GC Thread#0" [stack: 0x00007f90d9be3000,0x00007f90d9ce3000] [id=52]
  0x00007f90ac001290 GCTaskThread "GC Thread#1" [stack: 0x00007f907ef00000,0x00007f907f000000] [id=85]

Threads with active compile tasks:
JVMCI-native CompilerThread0  1683064 15875       4       jdk.internal.misc.Unsafe::weakCompareAndSetInt (11 bytes)

VM state: not at safepoint (normal execution)

VM Mutex/Monitor currently owned by a thread:  ([mutex/lock_event])
[0x00007f90d40239d0] CompileStatistics_lock - owner thread: 0x00007f90d40d2ab0
[0x00007f90d4024380] PeriodicTask_lock - owner thread: 0x00007f90d4141b70

Heap address: 0x00000000e0000000, size: 512 MB, Compressed Oops mode: 32-bit

CDS archive(s) mapped at: [0x0000000800000000-0x0000000800bc8000-0x0000000800bc8000), size 12353536, SharedBaseAddress: 0x0000000800000000, ArchiveRelocationMode: 0.
Compressed class space mapped at: 0x0000000800c00000-0x0000000840c00000, reserved size: 1073741824
Narrow klass base: 0x0000000800000000, Narrow klass shift: 0, Narrow klass range: 0x100000000

GC Precious Log:
 CPUs: 8 total, 2 available
 Memory: 3215M
 Large Page Support: Disabled
 NUMA Support: Disabled
 Compressed Oops: Enabled (32-bit)
 Alignments: Space 512K, Generation 512K, Heap 2M
 Heap Min Capacity: 100M
 Heap Initial Capacity: 100M
 Heap Max Capacity: 512M
 Pre-touch: Disabled
 Parallel Workers: 2

Heap:
 PSYoungGen      total 55808K, used 52872K [0x00000000f5580000, 0x00000000f9780000, 0x0000000100000000)
  eden space 53760K, 94% used [0x00000000f5580000,0x00000000f8726348,0x00000000f8a00000)
  from space 2048K, 99% used [0x00000000f9580000,0x00000000f977c030,0x00000000f9780000)
  to   space 6656K, 0% used [0x00000000f8a80000,0x00000000f8a80000,0x00000000f9100000)
 ParOldGen       total 320000K, used 273735K [0x00000000e0000000, 0x00000000f3880000, 0x00000000f5580000)
  object space 320000K, 85% used [0x00000000e0000000,0x00000000f0b51e20,0x00000000f3880000)
 Metaspace       used 67386K, committed 68352K, reserved 1114112K
  class space    used 5957K, committed 6400K, reserved 1048576K

Card table byte_map: [0x00007f90d9ce3000,0x00007f90d9de4000] _byte_map_base: 0x00007f90d95e3000

Marking Bits: (ParMarkBitMap*) 0x00007f90db4334c0
 Begin Bits: [0x00007f90d8b36000, 0x00007f90d9336000)
 End Bits:   [0x00007f90d9336000, 0x00007f90d9b36000)

Polling page: 0x00007f90d9ffd000

Metaspace:

Usage:
  Non-class:     59.99 MB used.
      Class:      5.82 MB used.
       Both:     65.81 MB used.

Virtual space:
  Non-class space:       64.00 MB reserved,      60.50 MB ( 95%) committed,  8 nodes.
      Class space:        1.00 GB reserved,       6.25 MB ( <1%) committed,  1 nodes.
             Both:        1.06 GB reserved,      66.75 MB (  6%) committed. 

Chunk freelists:
   Non-Class:  3.08 MB
       Class:  1.70 MB
        Both:  4.78 MB

MaxMetaspaceSize: unlimited
CompressedClassSpaceSize: 1.00 GB
Initial GC threshold: 21.00 MB
Current GC threshold: 88.12 MB
CDS: on
MetaspaceReclaimPolicy: balanced
 - commit_granule_bytes: 65536.
 - commit_granule_words: 8192.
 - virtual_space_node_default_size: 1048576.
 - enlarge_chunks_in_place: 1.
 - new_chunks_are_fully_committed: 0.
 - uncommit_free_chunks: 1.
 - use_allocation_guard: 0.
 - handle_deallocations: 1.


Internal statistics:

num_allocs_failed_limit: 6.
num_arena_births: 570.
num_arena_deaths: 0.
num_vsnodes_births: 9.
num_vsnodes_deaths: 0.
num_space_committed: 1066.
num_space_uncommitted: 0.
num_chunks_returned_to_freelist: 6.
num_chunks_taken_from_freelist: 3446.
num_chunk_merges: 6.
num_chunk_splits: 2235.
num_chunks_enlarged: 1351.
num_purges: 0.
num_inconsistent_stats: 0.

CodeHeap 'non-profiled nmethods': size=120036Kb used=5473Kb max_used=5473Kb free=114562Kb
 bounds [0x00007f90c2f7a000, 0x00007f90c34da000, 0x00007f90ca4b3000]
CodeHeap 'profiled nmethods': size=120032Kb used=30275Kb max_used=30275Kb free=89756Kb
 bounds [0x00007f90bba42000, 0x00007f90bd7e2000, 0x00007f90c2f7a000]
CodeHeap 'non-nmethods': size=5692Kb used=1503Kb max_used=1517Kb free=4188Kb
 bounds [0x00007f90bb4b3000, 0x00007f90bb723000, 0x00007f90bba42000]
 total_blobs=12243 nmethods=11362 adapters=596
 compilation: enabled
              stopped_count=0, restarted_count=0
 full_count=0

JVMCI Events (20 events):
Event: 1530.060 Thread 0x00007f90d40d2ab0 detaching from JVMCI runtime 0: releasing idle compiler thread (0 other threads still attached)
Event: 1530.060 Thread 0x00007f90d40d2ab0 shutting down HotSpotJVMCIRuntime for JVMCI runtime 0
Event: 1530.060 Thread 0x00007f90d40d2ab0 shut down JVMCI runtime 0
Event: 1530.065 Thread 0x00007f90d40d2ab0 destroyed JavaVM[29]@0x00007f908039e340 for JVMCI runtime 0
Event: 1530.065 Thread 0x00007f90d40d2ab0 compacted oop handles in JVMCI runtime 0 from 166 to 166
Event: 1530.065 Thread 0x00007f90d40d2ab0 releasing handles for JVMCI runtime 0: oop handles=166, metadata handles={total=1472, live=1047, blocks=46}
Event: 1530.065 Thread 0x00007f90d40d2ab0 detached from JVMCI runtime 0
Event: 1534.786 Thread 0x00007f90d40d2ab0 attached to JVMCI runtime 0
Event: 1534.789 Thread 0x00007f90d40d2ab0 created JavaVM[30]@0x00007f908039e340 for JVMCI runtime 0
Event: 1534.789 Thread 0x00007f90d40d2ab0 initializing JVMCI runtime 0
Event: 1534.789 Thread 0x00007f90d40d2ab0 done waiting for JavaVM references initialization in JVMCI runtime 0
Event: 1534.789 Thread 0x00007f90d40d2ab0 initialized JVMCI runtime 0
Event: 1535.807 Thread 0x00007f90d40d2ab0 detaching from JVMCI runtime 0: releasing idle compiler thread (0 other threads still attached)
Event: 1535.807 Thread 0x00007f90d40d2ab0 shutting down HotSpotJVMCIRuntime for JVMCI runtime 0
Event: 1535.808 Thread 0x00007f90d40d2ab0 shut down JVMCI runtime 0
Event: 1535.809 Thread 0x00007f90d40d2ab0 destroyed JavaVM[30]@0x00007f908039e340 for JVMCI runtime 0
Event: 1535.809 Thread 0x00007f90d40d2ab0 compacted oop handles in JVMCI runtime 0 from 45 to 45
Event: 1535.809 Thread 0x00007f90d40d2ab0 releasing handles for JVMCI runtime 0: oop handles=45, metadata handles={total=90, live=79, blocks=46}
Event: 1535.809 Thread 0x00007f90d40d2ab0 detached from JVMCI runtime 0
Event: 1651.841 Thread 0x00007f90d40d2ab0 attached to JVMCI runtime 0

Compilation events (20 events):
Event: 1528.947 Thread 0x00007f90d40d3fc0 nmethod 15865 0x00007f90bd7c5a10 code [0x00007f90bd7c5be0, 0x00007f90bd7c5f50]
Event: 1528.947 Thread 0x00007f90d40d3fc0 15866       3       java.util.stream.MatchOps::lambda$makeRef$0 (10 bytes)
Event: 1528.948 Thread 0x00007f90d40d3fc0 nmethod 15866 0x00007f90bd7c6110 code [0x00007f90bd7c62c0, 0x00007f90bd7c65b0]
Event: 1528.966 Thread 0x00007f90d40d2ab0 15867       4       org.eclipse.jdt.internal.compiler.problem.ProblemReporter::computeSeverity (635 bytes)
Event: 1528.968 Thread 0x00007f90d40d3fc0 15868       3       org.eclipse.jdt.internal.core.hierarchy.HierarchyBuilder::lookupBinaryHandle (159 bytes)
Event: 1528.969 Thread 0x00007f90d40d3fc0 nmethod 15868 0x00007f90bd7c6710 code [0x00007f90bd7c6960, 0x00007f90bd7c7790]
Event: 1528.969 Thread 0x00007f90d40d3fc0 15869       3       org.eclipse.jdt.internal.compiler.ast.ASTNode::copySE8AnnotationsToType (1007 bytes)
Event: 1528.974 Thread 0x00007f90d40d3fc0 nmethod 15869 0x00007f90bd7c7a10 code [0x00007f90bd7c7fe0, 0x00007f90bd7cfbb0]
Event: 1529.021 Thread 0x00007f90d40d2ab0 nmethod 15867 0x00007f90c34cef10 code [0x00007f90c34cf0a0, 0x00007f90c34d0c18]
Event: 1529.021 Thread 0x00007f90d40d2ab0 15871       4       org.eclipse.jdt.internal.compiler.util.SimpleLookupTable::rehash (86 bytes)
Event: 1529.056 Thread 0x00007f90d40d2ab0 nmethod 15871 0x00007f90c34d0f10 code [0x00007f90c34d1100, 0x00007f90c34d1760]
Event: 1529.056 Thread 0x00007f90d40d2ab0 15870       4       java.util.Hashtable::getIterator (22 bytes)
Event: 1529.060 Thread 0x00007f90d40d2ab0 nmethod 15870 0x00007f90c34d1a90 code [0x00007f90c34d1c20, 0x00007f90c34d1d70]
Event: 1534.786 Thread 0x00007f90d40d2ab0 15872       4       java.util.concurrent.locks.ReentrantLock$Sync::isHeldExclusively (16 bytes)
Event: 1534.807 Thread 0x00007f90d40d2ab0 nmethod 15872 0x00007f90c34d1e90 code [0x00007f90c34d2000, 0x00007f90c34d2058]
Event: 1574.786 Thread 0x00007f90d40d3fc0 15873   !   3       java.util.concurrent.locks.AbstractQueuedSynchronizer::acquire (407 bytes)
Event: 1574.789 Thread 0x00007f90d40d3fc0 nmethod 15873 0x00007f90bd7d1310 code [0x00007f90bd7d1680, 0x00007f90bd7d34a0]
Event: 1594.787 Thread 0x00007f90d40d3fc0 15874       3       java.util.concurrent.ScheduledThreadPoolExecutor$ScheduledFutureTask::isPeriodic (15 bytes)
Event: 1594.787 Thread 0x00007f90d40d3fc0 nmethod 15874 0x00007f90bd7d3d90 code [0x00007f90bd7d3f20, 0x00007f90bd7d4090]
Event: 1651.841 Thread 0x00007f90d40d2ab0 15875       4       jdk.internal.misc.Unsafe::weakCompareAndSetInt (11 bytes)

GC Heap History (20 events):
Event: 337.424 GC heap before
{Heap before GC invocations=77 (full 7):
 PSYoungGen      total 66048K, used 65600K [0x00000000f5580000, 0x00000000fa800000, 0x0000000100000000)
  eden space 61952K, 100% used [0x00000000f5580000,0x00000000f9200000,0x00000000f9200000)
  from space 4096K, 89% used [0x00000000fa400000,0x00000000fa7903c0,0x00000000fa800000)
  to   space 6656K, 0% used [0x00000000f9b00000,0x00000000f9b00000,0x00000000fa180000)
 ParOldGen       total 320000K, used 256497K [0x00000000e0000000, 0x00000000f3880000, 0x00000000f5580000)
  object space 320000K, 80% used [0x00000000e0000000,0x00000000efa7c750,0x00000000f3880000)
 Metaspace       used 65215K, committed 66176K, reserved 1114112K
  class space    used 5806K, committed 6208K, reserved 1048576K
}
Event: 337.436 GC heap after
{Heap after GC invocations=77 (full 7):
 PSYoungGen      total 67072K, used 5693K [0x00000000f5580000, 0x00000000fa480000, 0x0000000100000000)
  eden space 60928K, 0% used [0x00000000f5580000,0x00000000f5580000,0x00000000f9100000)
  from space 6144K, 92% used [0x00000000f9b00000,0x00000000fa08f460,0x00000000fa100000)
  to   space 3584K, 0% used [0x00000000fa100000,0x00000000fa100000,0x00000000fa480000)
 ParOldGen       total 320000K, used 256505K [0x00000000e0000000, 0x00000000f3880000, 0x00000000f5580000)
  object space 320000K, 80% used [0x00000000e0000000,0x00000000efa7e750,0x00000000f3880000)
 Metaspace       used 65215K, committed 66176K, reserved 1114112K
  class space    used 5806K, committed 6208K, reserved 1048576K
}
Event: 341.201 GC heap before
{Heap before GC invocations=78 (full 7):
 PSYoungGen      total 67072K, used 66621K [0x00000000f5580000, 0x00000000fa480000, 0x0000000100000000)
  eden space 60928K, 100% used [0x00000000f5580000,0x00000000f9100000,0x00000000f9100000)
  from space 6144K, 92% used [0x00000000f9b00000,0x00000000fa08f460,0x00000000fa100000)
  to   space 3584K, 0% used [0x00000000fa100000,0x00000000fa100000,0x00000000fa480000)
 ParOldGen       total 320000K, used 256505K [0x00000000e0000000, 0x00000000f3880000, 0x00000000f5580000)
  object space 320000K, 80% used [0x00000000e0000000,0x00000000efa7e750,0x00000000f3880000)
 Metaspace       used 65334K, committed 66304K, reserved 1114112K
  class space    used 5808K, committed 6272K, reserved 1048576K
}
Event: 341.210 GC heap after
{Heap after GC invocations=78 (full 7):
 PSYoungGen      total 63488K, used 3565K [0x00000000f5580000, 0x00000000fa480000, 0x0000000100000000)
  eden space 59904K, 0% used [0x00000000f5580000,0x00000000f5580000,0x00000000f9000000)
  from space 3584K, 99% used [0x00000000fa100000,0x00000000fa47b470,0x00000000fa480000)
  to   space 5632K, 0% used [0x00000000f9980000,0x00000000f9980000,0x00000000f9f00000)
 ParOldGen       total 320000K, used 258329K [0x00000000e0000000, 0x00000000f3880000, 0x00000000f5580000)
  object space 320000K, 80% used [0x00000000e0000000,0x00000000efc46750,0x00000000f3880000)
 Metaspace       used 65334K, committed 66304K, reserved 1114112K
  class space    used 5808K, committed 6272K, reserved 1048576K
}
Event: 565.961 GC heap before
{Heap before GC invocations=79 (full 7):
 PSYoungGen      total 63488K, used 63469K [0x00000000f5580000, 0x00000000fa480000, 0x0000000100000000)
  eden space 59904K, 100% used [0x00000000f5580000,0x00000000f9000000,0x00000000f9000000)
  from space 3584K, 99% used [0x00000000fa100000,0x00000000fa47b470,0x00000000fa480000)
  to   space 5632K, 0% used [0x00000000f9980000,0x00000000f9980000,0x00000000f9f00000)
 ParOldGen       total 320000K, used 258329K [0x00000000e0000000, 0x00000000f3880000, 0x00000000f5580000)
  object space 320000K, 80% used [0x00000000e0000000,0x00000000efc46750,0x00000000f3880000)
 Metaspace       used 65442K, committed 66432K, reserved 1114112K
  class space    used 5808K, committed 6272K, reserved 1048576K
}
Event: 565.969 GC heap after
{Heap after GC invocations=79 (full 7):
 PSYoungGen      total 64512K, used 864K [0x00000000f5580000, 0x00000000fa180000, 0x0000000100000000)
  eden space 58880K, 0% used [0x00000000f5580000,0x00000000f5580000,0x00000000f8f00000)
  from space 5632K, 15% used [0x00000000f9980000,0x00000000f9a58020,0x00000000f9f00000)
  to   space 2560K, 0% used [0x00000000f9f00000,0x00000000f9f00000,0x00000000fa180000)
 ParOldGen       total 320000K, used 258590K [0x00000000e0000000, 0x00000000f3880000, 0x00000000f5580000)
  object space 320000K, 80% used [0x00000000e0000000,0x00000000efc87bd0,0x00000000f3880000)
 Metaspace       used 65442K, committed 66432K, reserved 1114112K
  class space    used 5808K, committed 6272K, reserved 1048576K
}
Event: 579.149 GC heap before
{Heap before GC invocations=80 (full 7):
 PSYoungGen      total 64512K, used 59725K [0x00000000f5580000, 0x00000000fa180000, 0x0000000100000000)
  eden space 58880K, 99% used [0x00000000f5580000,0x00000000f8efb5f8,0x00000000f8f00000)
  from space 5632K, 15% used [0x00000000f9980000,0x00000000f9a58020,0x00000000f9f00000)
  to   space 2560K, 0% used [0x00000000f9f00000,0x00000000f9f00000,0x00000000fa180000)
 ParOldGen       total 320000K, used 258590K [0x00000000e0000000, 0x00000000f3880000, 0x00000000f5580000)
  object space 320000K, 80% used [0x00000000e0000000,0x00000000efc87bd0,0x00000000f3880000)
 Metaspace       used 66738K, committed 67712K, reserved 1114112K
  class space    used 5945K, committed 6400K, reserved 1048576K
}
Event: 579.163 GC heap after
{Heap after GC invocations=80 (full 7):
 PSYoungGen      total 60416K, used 2541K [0x00000000f5580000, 0x00000000fa180000, 0x0000000100000000)
  eden space 57856K, 0% used [0x00000000f5580000,0x00000000f5580000,0x00000000f8e00000)
  from space 2560K, 99% used [0x00000000f9f00000,0x00000000fa17b678,0x00000000fa180000)
  to   space 4096K, 0% used [0x00000000f9980000,0x00000000f9980000,0x00000000f9d80000)
 ParOldGen       total 320000K, used 259597K [0x00000000e0000000, 0x00000000f3880000, 0x00000000f5580000)
  object space 320000K, 81% used [0x00000000e0000000,0x00000000efd83690,0x00000000f3880000)
 Metaspace       used 66738K, committed 67712K, reserved 1114112K
  class space    used 5945K, committed 6400K, reserved 1048576K
}
Event: 583.369 GC heap before
{Heap before GC invocations=81 (full 7):
 PSYoungGen      total 60416K, used 60397K [0x00000000f5580000, 0x00000000fa180000, 0x0000000100000000)
  eden space 57856K, 100% used [0x00000000f5580000,0x00000000f8e00000,0x00000000f8e00000)
  from space 2560K, 99% used [0x00000000f9f00000,0x00000000fa17b678,0x00000000fa180000)
  to   space 4096K, 0% used [0x00000000f9980000,0x00000000f9980000,0x00000000f9d80000)
 ParOldGen       total 320000K, used 259597K [0x00000000e0000000, 0x00000000f3880000, 0x00000000f5580000)
  object space 320000K, 81% used [0x00000000e0000000,0x00000000efd83690,0x00000000f3880000)
 Metaspace       used 66935K, committed 67904K, reserved 1114112K
  class space    used 5956K, committed 6400K, reserved 1048576K
}
Event: 583.375 GC heap after
{Heap after GC invocations=81 (full 7):
 PSYoungGen      total 60416K, used 3372K [0x00000000f5580000, 0x00000000f9f80000, 0x0000000100000000)
  eden space 56832K, 0% used [0x00000000f5580000,0x00000000f5580000,0x00000000f8d00000)
  from space 3584K, 94% used [0x00000000f9980000,0x00000000f9ccb180,0x00000000f9d00000)
  to   space 2560K, 0% used [0x00000000f9d00000,0x00000000f9d00000,0x00000000f9f80000)
 ParOldGen       total 320000K, used 259733K [0x00000000e0000000, 0x00000000f3880000, 0x00000000f5580000)
  object space 320000K, 81% used [0x00000000e0000000,0x00000000efda5690,0x00000000f3880000)
 Metaspace       used 66935K, committed 67904K, reserved 1114112K
  class space    used 5956K, committed 6400K, reserved 1048576K
}
Event: 1516.207 GC heap before
{Heap before GC invocations=82 (full 7):
 PSYoungGen      total 60416K, used 60204K [0x00000000f5580000, 0x00000000f9f80000, 0x0000000100000000)
  eden space 56832K, 100% used [0x00000000f5580000,0x00000000f8d00000,0x00000000f8d00000)
  from space 3584K, 94% used [0x00000000f9980000,0x00000000f9ccb180,0x00000000f9d00000)
  to   space 2560K, 0% used [0x00000000f9d00000,0x00000000f9d00000,0x00000000f9f80000)
 ParOldGen       total 320000K, used 259733K [0x00000000e0000000, 0x00000000f3880000, 0x00000000f5580000)
  object space 320000K, 81% used [0x00000000e0000000,0x00000000efda5690,0x00000000f3880000)
 Metaspace       used 67052K, committed 68096K, reserved 1114112K
  class space    used 5956K, committed 6400K, reserved 1048576K
}
Event: 1516.267 GC heap after
{Heap after GC invocations=82 (full 7):
 PSYoungGen      total 58368K, used 2556K [0x00000000f5580000, 0x00000000fa400000, 0x0000000100000000)
  eden space 55808K, 0% used [0x00000000f5580000,0x00000000f5580000,0x00000000f8c00000)
  from space 2560K, 99% used [0x00000000f9d00000,0x00000000f9f7f3d8,0x00000000f9f80000)
  to   space 12288K, 0% used [0x00000000f8c00000,0x00000000f8c00000,0x00000000f9800000)
 ParOldGen       total 320000K, used 268093K [0x00000000e0000000, 0x00000000f3880000, 0x00000000f5580000)
  object space 320000K, 83% used [0x00000000e0000000,0x00000000f05cf6f8,0x00000000f3880000)
 Metaspace       used 67052K, committed 68096K, reserved 1114112K
  class space    used 5956K, committed 6400K, reserved 1048576K
}
Event: 1518.510 GC heap before
{Heap before GC invocations=83 (full 7):
 PSYoungGen      total 58368K, used 58364K [0x00000000f5580000, 0x00000000fa400000, 0x0000000100000000)
  eden space 55808K, 100% used [0x00000000f5580000,0x00000000f8c00000,0x00000000f8c00000)
  from space 2560K, 99% used [0x00000000f9d00000,0x00000000f9f7f3d8,0x00000000f9f80000)
  to   space 12288K, 0% used [0x00000000f8c00000,0x00000000f8c00000,0x00000000f9800000)
 ParOldGen       total 320000K, used 268093K [0x00000000e0000000, 0x00000000f3880000, 0x00000000f5580000)
  object space 320000K, 83% used [0x00000000e0000000,0x00000000f05cf6f8,0x00000000f3880000)
 Metaspace       used 67151K, committed 68160K, reserved 1114112K
  class space    used 5956K, committed 6400K, reserved 1048576K
}
Event: 1518.536 GC heap after
{Heap after GC invocations=83 (full 7):
 PSYoungGen      total 61440K, used 6047K [0x00000000f5580000, 0x00000000f9d80000, 0x0000000100000000)
  eden space 55296K, 0% used [0x00000000f5580000,0x00000000f5580000,0x00000000f8b80000)
  from space 6144K, 98% used [0x00000000f8c00000,0x00000000f91e7f00,0x00000000f9200000)
  to   space 8192K, 0% used [0x00000000f9580000,0x00000000f9580000,0x00000000f9d80000)
 ParOldGen       total 320000K, used 269317K [0x00000000e0000000, 0x00000000f3880000, 0x00000000f5580000)
  object space 320000K, 84% used [0x00000000e0000000,0x00000000f0701630,0x00000000f3880000)
 Metaspace       used 67151K, committed 68160K, reserved 1114112K
  class space    used 5956K, committed 6400K, reserved 1048576K
}
Event: 1520.155 GC heap before
{Heap before GC invocations=84 (full 7):
 PSYoungGen      total 61440K, used 61343K [0x00000000f5580000, 0x00000000f9d80000, 0x0000000100000000)
  eden space 55296K, 100% used [0x00000000f5580000,0x00000000f8b80000,0x00000000f8b80000)
  from space 6144K, 98% used [0x00000000f8c00000,0x00000000f91e7f00,0x00000000f9200000)
  to   space 8192K, 0% used [0x00000000f9580000,0x00000000f9580000,0x00000000f9d80000)
 ParOldGen       total 320000K, used 269317K [0x00000000e0000000, 0x00000000f3880000, 0x00000000f5580000)
  object space 320000K, 84% used [0x00000000e0000000,0x00000000f0701630,0x00000000f3880000)
 Metaspace       used 67220K, committed 68224K, reserved 1114112K
  class space    used 5956K, committed 6400K, reserved 1048576K
}
Event: 1520.168 GC heap after
{Heap after GC invocations=84 (full 7):
 PSYoungGen      total 61440K, used 6415K [0x00000000f5580000, 0x00000000f9c00000, 0x0000000100000000)
  eden space 54784K, 0% used [0x00000000f5580000,0x00000000f5580000,0x00000000f8b00000)
  from space 6656K, 96% used [0x00000000f9580000,0x00000000f9bc3ef0,0x00000000f9c00000)
  to   space 6656K, 0% used [0x00000000f8f00000,0x00000000f8f00000,0x00000000f9580000)
 ParOldGen       total 320000K, used 269325K [0x00000000e0000000, 0x00000000f3880000, 0x00000000f5580000)
  object space 320000K, 84% used [0x00000000e0000000,0x00000000f0703630,0x00000000f3880000)
 Metaspace       used 67220K, committed 68224K, reserved 1114112K
  class space    used 5956K, committed 6400K, reserved 1048576K
}
Event: 1521.300 GC heap before
{Heap before GC invocations=85 (full 7):
 PSYoungGen      total 61440K, used 61009K [0x00000000f5580000, 0x00000000f9c00000, 0x0000000100000000)
  eden space 54784K, 99% used [0x00000000f5580000,0x00000000f8ad08a0,0x00000000f8b00000)
  from space 6656K, 96% used [0x00000000f9580000,0x00000000f9bc3ef0,0x00000000f9c00000)
  to   space 6656K, 0% used [0x00000000f8f00000,0x00000000f8f00000,0x00000000f9580000)
 ParOldGen       total 320000K, used 269325K [0x00000000e0000000, 0x00000000f3880000, 0x00000000f5580000)
  object space 320000K, 84% used [0x00000000e0000000,0x00000000f0703630,0x00000000f3880000)
 Metaspace       used 67265K, committed 68288K, reserved 1114112K
  class space    used 5957K, committed 6400K, reserved 1048576K
}
Event: 1521.312 GC heap after
{Heap after GC invocations=85 (full 7):
 PSYoungGen      total 60928K, used 6558K [0x00000000f5580000, 0x00000000f9780000, 0x0000000100000000)
  eden space 54272K, 0% used [0x00000000f5580000,0x00000000f5580000,0x00000000f8a80000)
  from space 6656K, 98% used [0x00000000f8f00000,0x00000000f9567920,0x00000000f9580000)
  to   space 2048K, 0% used [0x00000000f9580000,0x00000000f9580000,0x00000000f9780000)
 ParOldGen       total 320000K, used 269333K [0x00000000e0000000, 0x00000000f3880000, 0x00000000f5580000)
  object space 320000K, 84% used [0x00000000e0000000,0x00000000f0705630,0x00000000f3880000)
 Metaspace       used 67265K, committed 68288K, reserved 1114112K
  class space    used 5957K, committed 6400K, reserved 1048576K
}
Event: 1522.465 GC heap before
{Heap before GC invocations=86 (full 7):
 PSYoungGen      total 60928K, used 60780K [0x00000000f5580000, 0x00000000f9780000, 0x0000000100000000)
  eden space 54272K, 99% used [0x00000000f5580000,0x00000000f8a73758,0x00000000f8a80000)
  from space 6656K, 98% used [0x00000000f8f00000,0x00000000f9567920,0x00000000f9580000)
  to   space 2048K, 0% used [0x00000000f9580000,0x00000000f9580000,0x00000000f9780000)
 ParOldGen       total 320000K, used 269333K [0x00000000e0000000, 0x00000000f3880000, 0x00000000f5580000)
  object space 320000K, 84% used [0x00000000e0000000,0x00000000f0705630,0x00000000f3880000)
 Metaspace       used 67307K, committed 68288K, reserved 1114112K
  class space    used 5957K, committed 6400K, reserved 1048576K
}
Event: 1522.475 GC heap after
{Heap after GC invocations=86 (full 7):
 PSYoungGen      total 55808K, used 2032K [0x00000000f5580000, 0x00000000f9780000, 0x0000000100000000)
  eden space 53760K, 0% used [0x00000000f5580000,0x00000000f5580000,0x00000000f8a00000)
  from space 2048K, 99% used [0x00000000f9580000,0x00000000f977c030,0x00000000f9780000)
  to   space 6656K, 0% used [0x00000000f8a80000,0x00000000f8a80000,0x00000000f9100000)
 ParOldGen       total 320000K, used 273735K [0x00000000e0000000, 0x00000000f3880000, 0x00000000f5580000)
  object space 320000K, 85% used [0x00000000e0000000,0x00000000f0b51e20,0x00000000f3880000)
 Metaspace       used 67307K, committed 68288K, reserved 1114112K
  class space    used 5957K, committed 6400K, reserved 1048576K
}

Dll operation events (8 events):
Event: 0.003 Loaded shared library /nix/store/gpxl5qgg8kicmcvivwmybwjlpf7wh20l-graalvm17-ce-22.3.0/lib/libjava.so
Event: 0.012 Loaded shared library /nix/store/gpxl5qgg8kicmcvivwmybwjlpf7wh20l-graalvm17-ce-22.3.0/lib/libjsvml.so
Event: 0.220 Loaded shared library /nix/store/gpxl5qgg8kicmcvivwmybwjlpf7wh20l-graalvm17-ce-22.3.0/lib/libnio.so
Event: 0.233 Loaded shared library /nix/store/gpxl5qgg8kicmcvivwmybwjlpf7wh20l-graalvm17-ce-22.3.0/lib/libzip.so
Event: 0.250 Loaded shared library /nix/store/gpxl5qgg8kicmcvivwmybwjlpf7wh20l-graalvm17-ce-22.3.0/lib/libjvmcicompiler.so
Event: 0.499 Loaded shared library /nix/store/gpxl5qgg8kicmcvivwmybwjlpf7wh20l-graalvm17-ce-22.3.0/lib/libjimage.so
Event: 1.471 Loaded shared library /nix/store/gpxl5qgg8kicmcvivwmybwjlpf7wh20l-graalvm17-ce-22.3.0/lib/libnet.so
Event: 2.111 Loaded shared library /home/runner/NFLTeam/.cache/jdt-language-server/config/org.eclipse.equinox.launcher/org.eclipse.equinox.launcher.gtk.linux.x86_64_1.2.400.v20211117-0650/eclipse_11600.so

Deoptimization events (20 events):
Event: 1516.103 Thread 0x00007f904c102aa0 DEOPT PACKING pc=0x00007f90c33fbd25 sp=0x00007f9080bfde70
Event: 1516.103 Thread 0x00007f904c102aa0 DEOPT UNPACKING pc=0x00007f90bb505325 sp=0x00007f9080bfd310 mode 3
Event: 1518.242 Thread 0x00007f904c101600 DEOPT PACKING pc=0x00007f90bc066616 sp=0x00007f9081afda90
Event: 1518.242 Thread 0x00007f904c101600 DEOPT UNPACKING pc=0x00007f90bb505325 sp=0x00007f9081afcfa0 mode 0
Event: 1518.357 Thread 0x00007f904c101600 Uncommon trap: trap_request=0xffffffed fr.pc=0x00007f90c30a814b relative=0x00000000000006eb
Event: 1518.357 Thread 0x00007f904c101600 Uncommon trap: reason=null_assert_or_unreached0 action=reinterpret pc=0x00007f90c30a814b method=org.eclipse.jdt.internal.core.search.BasicSearchEngine$5.acceptIndexMatch(Ljava/lang/String;Lorg/eclipse/jdt/core/search/SearchPattern;Lorg/eclipse/jdt/core/se
Event: 1518.357 Thread 0x00007f904c101600 DEOPT PACKING pc=0x00007f90c30a814b sp=0x00007f9081afd930
Event: 1518.357 Thread 0x00007f904c101600 DEOPT UNPACKING pc=0x00007f90bb505325 sp=0x00007f9081afcdc8 mode 3
Event: 1518.998 Thread 0x00007f904c102aa0 DEOPT PACKING pc=0x00007f90bcab20c5 sp=0x00007f9080bfd040
Event: 1518.998 Thread 0x00007f904c102aa0 DEOPT UNPACKING pc=0x00007f90bb505325 sp=0x00007f9080bfc500 mode 0
Event: 1519.609 Thread 0x00007f904c101600 DEOPT PACKING pc=0x00007f90bcf6d6e4 sp=0x00007f9080bfe040
Event: 1519.609 Thread 0x00007f904c101600 DEOPT UNPACKING pc=0x00007f90bb505325 sp=0x00007f9080bfd488 mode 0
Event: 1519.651 Thread 0x00007f904c101600 DEOPT PACKING pc=0x00007f90bc6ff9b4 sp=0x00007f9080bfda80
Event: 1519.651 Thread 0x00007f904c101600 DEOPT UNPACKING pc=0x00007f90bb505325 sp=0x00007f9080bfcf30 mode 0
Event: 1520.585 Thread 0x00007f905c0010d0 DEOPT PACKING pc=0x00007f90bc61bc5d sp=0x00007f90b83fd1b0
Event: 1520.585 Thread 0x00007f905c0010d0 DEOPT UNPACKING pc=0x00007f90bb505325 sp=0x00007f90b83fc688 mode 0
Event: 1520.744 Thread 0x00007f904c101600 DEOPT PACKING pc=0x00007f90bc9e22f0 sp=0x00007f9080bfcdb0
Event: 1520.744 Thread 0x00007f904c101600 DEOPT UNPACKING pc=0x00007f90bb505325 sp=0x00007f9080bfc360 mode 0
Event: 1523.725 Thread 0x00007f905c0010d0 DEOPT PACKING pc=0x00007f90bc1a7f17 sp=0x00007f90b83fdb70
Event: 1523.725 Thread 0x00007f905c0010d0 DEOPT UNPACKING pc=0x00007f90bb505325 sp=0x00007f90b83fd120 mode 0

Classes unloaded (0 events):
No events

Classes redefined (0 events):
No events

Internal exceptions (20 events):
Event: 1522.710 Thread 0x00007f902000a760 Implicit null exception at 0x00007f90bcf45a3f to 0x00007f90bcf4a87a
Event: 1522.710 Thread 0x00007f902000a760 Exception <a 'java/lang/NullPointerException'{0x00000000f6982968}> (0x00000000f6982968) 
thrown [src/hotspot/share/runtime/sharedRuntime.cpp, line 628]
Event: 1522.710 Thread 0x00007f902000a760 Implicit null exception at 0x00007f90bcf45a3f to 0x00007f90bcf4a87a
Event: 1522.710 Thread 0x00007f902000a760 Exception <a 'java/lang/NullPointerException'{0x00000000f6983020}> (0x00000000f6983020) 
thrown [src/hotspot/share/runtime/sharedRuntime.cpp, line 628]
Event: 1522.710 Thread 0x00007f902000a760 Implicit null exception at 0x00007f90bcf45a3f to 0x00007f90bcf4a87a
Event: 1522.710 Thread 0x00007f902000a760 Exception <a 'java/lang/NullPointerException'{0x00000000f69832f8}> (0x00000000f69832f8) 
thrown [src/hotspot/share/runtime/sharedRuntime.cpp, line 628]
Event: 1522.710 Thread 0x00007f902000a760 Implicit null exception at 0x00007f90bcf45a3f to 0x00007f90bcf4a87a
Event: 1522.710 Thread 0x00007f902000a760 Exception <a 'java/lang/NullPointerException'{0x00000000f69835d0}> (0x00000000f69835d0) 
thrown [src/hotspot/share/runtime/sharedRuntime.cpp, line 628]
Event: 1523.750 Thread 0x00007f905c0010d0 Implicit null exception at 0x00007f90bcf45a3f to 0x00007f90bcf4a87a
Event: 1523.750 Thread 0x00007f905c0010d0 Exception <a 'java/lang/NullPointerException'{0x00000000f72508f0}> (0x00000000f72508f0) 
thrown [src/hotspot/share/runtime/sharedRuntime.cpp, line 628]
Event: 1523.750 Thread 0x00007f905c0010d0 Implicit null exception at 0x00007f90bcf45a3f to 0x00007f90bcf4a87a
Event: 1523.750 Thread 0x00007f905c0010d0 Exception <a 'java/lang/NullPointerException'{0x00000000f7250bc8}> (0x00000000f7250bc8) 
thrown [src/hotspot/share/runtime/sharedRuntime.cpp, line 628]
Event: 1523.750 Thread 0x00007f905c0010d0 Implicit null exception at 0x00007f90bcf45a3f to 0x00007f90bcf4a87a
Event: 1523.750 Thread 0x00007f905c0010d0 Exception <a 'java/lang/NullPointerException'{0x00000000f7250ea0}> (0x00000000f7250ea0) 
thrown [src/hotspot/share/runtime/sharedRuntime.cpp, line 628]
Event: 1523.750 Thread 0x00007f905c0010d0 Implicit null exception at 0x00007f90bcf45a3f to 0x00007f90bcf4a87a
Event: 1523.750 Thread 0x00007f905c0010d0 Exception <a 'java/lang/NullPointerException'{0x00000000f7251558}> (0x00000000f7251558) 
thrown [src/hotspot/share/runtime/sharedRuntime.cpp, line 628]
Event: 1523.750 Thread 0x00007f905c0010d0 Implicit null exception at 0x00007f90bcf45a3f to 0x00007f90bcf4a87a
Event: 1523.750 Thread 0x00007f905c0010d0 Exception <a 'java/lang/NullPointerException'{0x00000000f7251830}> (0x00000000f7251830) 
thrown [src/hotspot/share/runtime/sharedRuntime.cpp, line 628]
Event: 1523.750 Thread 0x00007f905c0010d0 Implicit null exception at 0x00007f90bcf45a3f to 0x00007f90bcf4a87a
Event: 1523.750 Thread 0x00007f905c0010d0 Exception <a 'java/lang/NullPointerException'{0x00000000f7251b08}> (0x00000000f7251b08) 
thrown [src/hotspot/share/runtime/sharedRuntime.cpp, line 628]

VM Operations (20 events):
Event: 1521.300 Executing VM operation: ParallelGCFailedAllocation
Event: 1521.312 Executing VM operation: ParallelGCFailedAllocation done
Event: 1522.312 Executing VM operation: Cleanup
Event: 1522.312 Executing VM operation: Cleanup done
Event: 1522.465 Executing VM operation: ParallelGCFailedAllocation
Event: 1522.475 Executing VM operation: ParallelGCFailedAllocation done
Event: 1523.475 Executing VM operation: Cleanup
Event: 1523.475 Executing VM operation: Cleanup done
Event: 1524.475 Executing VM operation: Cleanup
Event: 1524.475 Executing VM operation: Cleanup done
Event: 1525.475 Executing VM operation: Cleanup
Event: 1525.475 Executing VM operation: Cleanup done
Event: 1529.476 Executing VM operation: Cleanup
Event: 1529.476 Executing VM operation: Cleanup done
Event: 1535.477 Executing VM operation: Cleanup
Event: 1535.477 Executing VM operation: Cleanup done
Event: 1545.488 Executing VM operation: Cleanup
Event: 1545.488 Executing VM operation: Cleanup done
Event: 1585.497 Executing VM operation: Cleanup
Event: 1585.497 Executing VM operation: Cleanup done

Events (20 events):
Event: 1522.434 Thread 0x00007f9038120bb0 Thread added: 0x00007f9038120bb0
Event: 1522.435 Protecting memory [0x00007f9081a00000,0x00007f9081a04000] with protection modes 0
Event: 1522.551 Thread 0x00007f904c101600 Thread exited: 0x00007f904c101600
Event: 1522.700 Thread 0x00007f9038038020 Thread added: 0x00007f9038038020
Event: 1522.701 Protecting memory [0x00007f9080b00000,0x00007f9080b04000] with protection modes 0
Event: 1522.706 Thread 0x00007f9038038020 Thread exited: 0x00007f9038038020
Event: 1522.808 Thread 0x00007f904c101600 Thread added: 0x00007f904c101600
Event: 1522.808 Protecting memory [0x00007f9080b00000,0x00007f9080b04000] with protection modes 0
Event: 1522.875 Thread 0x00007f904c101600 Thread exited: 0x00007f904c101600
Event: 1523.730 Thread 0x00007f90200302e0 Thread added: 0x00007f90200302e0
Event: 1523.730 Protecting memory [0x00007f9080b00000,0x00007f9080b04000] with protection modes 0
Event: 1523.747 Thread 0x00007f90200302e0 Thread exited: 0x00007f90200302e0
Event: 1524.884 Thread 0x00007f904c101600 Thread added: 0x00007f904c101600
Event: 1524.884 Protecting memory [0x00007f9080b00000,0x00007f9080b04000] with protection modes 0
Event: 1525.015 Thread 0x00007f904c101600 Thread exited: 0x00007f904c101600
Event: 1528.877 Thread 0x00007f904c101600 Thread added: 0x00007f904c101600
Event: 1528.877 Protecting memory [0x00007f9080b00000,0x00007f9080b04000] with protection modes 0
Event: 1528.984 Thread 0x00007f904c101600 Thread exited: 0x00007f904c101600
Event: 1584.765 Thread 0x00007f905c0010d0 Thread exited: 0x00007f905c0010d0
Event: 1588.958 Thread 0x00007f903c072970 Thread exited: 0x00007f903c072970


Dynamic libraries:
e0000000-efe00000 rw-p 00000000 00:00 0 
efe00000-f3880000 rw-p 00000000 00:00 0 
f3880000-f5580000 ---p 00000000 00:00 0 
f5580000-f9780000 rw-p 00000000 00:00 0 
f9780000-100000000 ---p 00000000 00:00 0 
800000000-800449000 rw-p 00001000 08:30 707969865                        /nix/store/gpxl5qgg8kicmcvivwmybwjlpf7wh20l-graalvm17-ce-22.3.0/lib/server/classes.jsa
800449000-800bc8000 r--p 0044a000 08:30 707969865                        /nix/store/gpxl5qgg8kicmcvivwmybwjlpf7wh20l-graalvm17-ce-22.3.0/lib/server/classes.jsa
800bc8000-800c00000 ---p 00000000 00:00 0 
800c00000-800c10000 rw-p 00000000 00:00 0 
800c10000-800c30000 rw-p 00000000 00:00 0 
800c30000-800cb0000 rw-p 00000000 00:00 0 
800cb0000-800cf0000 rw-p 00000000 00:00 0 
800cf0000-800db0000 rw-p 00000000 00:00 0 
800db0000-800df0000 rw-p 00000000 00:00 0 
800df0000-801170000 rw-p 00000000 00:00 0 
801170000-801180000 ---p 00000000 00:00 0 
801180000-801250000 rw-p 00000000 00:00 0 
801250000-840c00000 ---p 00000000 00:00 0 
55ec80a10000-55ec80a11000 r-xp 00000000 08:30 672029940                  /nix/store/gpxl5qgg8kicmcvivwmybwjlpf7wh20l-graalvm17-ce-22.3.0/bin/.java-wrapped
55ec80a12000-55ec80a13000 r--p 00001000 08:30 672029940                  /nix/store/gpxl5qgg8kicmcvivwmybwjlpf7wh20l-graalvm17-ce-22.3.0/bin/.java-wrapped
55ec80a13000-55ec80a14000 rw-p 00002000 08:30 672029940                  /nix/store/gpxl5qgg8kicmcvivwmybwjlpf7wh20l-graalvm17-ce-22.3.0/bin/.java-wrapped
55ec80a14000-55ec80a15000 rw-p 00004000 08:30 672029940                  /nix/store/gpxl5qgg8kicmcvivwmybwjlpf7wh20l-graalvm17-ce-22.3.0/bin/.java-wrapped
55ec80a15000-55ec80a16000 rw-p 00005000 08:30 672029940                  /nix/store/gpxl5qgg8kicmcvivwmybwjlpf7wh20l-graalvm17-ce-22.3.0/bin/.java-wrapped
55ec8274e000-55ec82796000 rw-p 00000000 00:00 0                          [heap]
7f9008000000-7f9008021000 rw-p 00000000 00:00 0 
7f9008021000-7f900c000000 ---p 00000000 00:00 0 
7f900c000000-7f900c021000 rw-p 00000000 00:00 0 
7f900c021000-7f9010000000 ---p 00000000 00:00 0 
7f9010000000-7f9010021000 rw-p 00000000 00:00 0 
7f9010021000-7f9014000000 ---p 00000000 00:00 0 
7f9018000000-7f9018021000 rw-p 00000000 00:00 0 
7f9018021000-7f901c000000 ---p 00000000 00:00 0 
7f901d400000-7f901d8f0000 rw-p 00000000 00:00 0 
7f901d8f0000-7f901dc00000 ---p 00000000 00:00 0 
7f901f400000-7f901f7b0000 rw-p 00000000 00:00 0 
7f901f7b0000-7f901f7f0000 rw-p 00000000 00:00 0 
7f901f7f0000-7f901f8f0000 rw-p 00000000 00:00 0 
7f901f8f0000-7f901f990000 rw-p 00000000 00:00 0 
7f901f990000-7f901fa00000 ---p 00000000 00:00 0 
7f901fa00000-7f901fbf0000 rw-p 00000000 00:00 0 
7f901fbf0000-7f901fc00000 rw-p 00000000 00:00 0 
7f9020000000-7f9020039000 rw-p 00000000 00:00 0 
7f9020039000-7f9024000000 ---p 00000000 00:00 0 
7f9024000000-7f90240ef000 rw-p 00000000 00:00 0 
7f90240ef000-7f9028000000 ---p 00000000 00:00 0 
7f9028000000-7f902803c000 rw-p 00000000 00:00 0 
7f902803c000-7f902c000000 ---p 00000000 00:00 0 
7f902c800000-7f902cff0000 rw-p 00000000 00:00 0 
7f902cff0000-7f902d000000 rw-p 00000000 00:00 0 
7f902dc00000-7f902e170000 rw-p 00000000 00:00 0 
7f902e170000-7f902e1f0000 rw-p 00000000 00:00 0 
7f902e1f0000-7f902e330000 rw-p 00000000 00:00 0 
7f902e330000-7f902e400000 rw-p 00000000 00:00 0 
7f902e4b3000-7f9038000000 r--s 00000000 08:30 707804677                  /nix/store/gpxl5qgg8kicmcvivwmybwjlpf7wh20l-graalvm17-ce-22.3.0/lib/modules
7f9038000000-7f9038153000 rw-p 00000000 00:00 0 
7f9038153000-7f903c000000 ---p 00000000 00:00 0 
7f903c000000-7f903c0af000 rw-p 00000000 00:00 0 
7f903c0af000-7f9040000000 ---p 00000000 00:00 0 
7f9040000000-7f90404e6000 rw-p 00000000 00:00 0 
7f90404e6000-7f9044000000 ---p 00000000 00:00 0 
7f9044000000-7f904405a000 rw-p 00000000 00:00 0 
7f904405a000-7f9048000000 ---p 00000000 00:00 0 
7f9048000000-7f9048021000 rw-p 00000000 00:00 0 
7f9048021000-7f904c000000 ---p 00000000 00:00 0 
7f904c000000-7f904c130000 rw-p 00000000 00:00 0 
7f904c130000-7f9050000000 ---p 00000000 00:00 0 
7f9050000000-7f9050093000 rw-p 00000000 00:00 0 
7f9050093000-7f9054000000 ---p 00000000 00:00 0 
7f9054000000-7f9054062000 rw-p 00000000 00:00 0 
7f9054062000-7f9058000000 ---p 00000000 00:00 0 
7f9058000000-7f9058021000 rw-p 00000000 00:00 0 
7f9058021000-7f905c000000 ---p 00000000 00:00 0 
7f905c000000-7f905c354000 rw-p 00000000 00:00 0 
7f905c354000-7f9060000000 ---p 00000000 00:00 0 
7f9060000000-7f9060021000 rw-p 00000000 00:00 0 
7f9060021000-7f9064000000 ---p 00000000 00:00 0 
7f9064000000-7f9064021000 rw-p 00000000 00:00 0 
7f9064021000-7f9068000000 ---p 00000000 00:00 0 
7f9068000000-7f9068758000 rw-p 00000000 00:00 0 
7f9068758000-7f906c000000 ---p 00000000 00:00 0 
7f906c000000-7f906c02c000 rw-p 00000000 00:00 0 
7f906c02c000-7f9070000000 ---p 00000000 00:00 0 
7f9070000000-7f9070021000 rw-p 00000000 00:00 0 
7f9070021000-7f9074000000 ---p 00000000 00:00 0 
7f9074000000-7f9074021000 rw-p 00000000 00:00 0 
7f9074021000-7f9078000000 ---p 00000000 00:00 0 
7f9078000000-7f9078172000 rw-p 00000000 00:00 0 
7f9078172000-7f907c000000 ---p 00000000 00:00 0 
7f907c400000-7f907caf0000 rw-p 00000000 00:00 0 
7f907caf0000-7f907cbf0000 rw-p 00000000 00:00 0 
7f907cbf0000-7f907cc00000 rw-p 00000000 00:00 0 
7f907d800000-7f907daf0000 rw-p 00000000 00:00 0 
7f907daf0000-7f907dbf0000 rw-p 00000000 00:00 0 
7f907dbf0000-7f907dff0000 rw-p 00000000 00:00 0 
7f907dff0000-7f907e000000 rw-p 00000000 00:00 0 
7f907e400000-7f907e4f0000 rw-p 00000000 00:00 0 
7f907e4f0000-7f907e5f0000 rw-p 00000000 00:00 0 
7f907e5f0000-7f907eaf0000 rw-p 00000000 00:00 0 
7f907eaf0000-7f907ec00000 rw-p 00000000 00:00 0 
7f907ec00000-7f907ec10000 r-xp 00000000 00:328 310                       /home/runner/NFLTeam/.cache/jdt-language-server/config/org.eclipse.equinox.launcher/org.eclipse.equinox.launcher.gtk.linux.x86_64_1.2.400.v20211117-0650/eclipse_11600.so
7f907ec10000-7f907ee0f000 ---p 00010000 00:328 310                       /home/runner/NFLTeam/.cache/jdt-language-server/config/org.eclipse.equinox.launcher/org.eclipse.equinox.launcher.gtk.linux.x86_64_1.2.400.v20211117-0650/eclipse_11600.so
7f907ee0f000-7f907ee10000 r--p 0000f000 00:328 310                       /home/runner/NFLTeam/.cache/jdt-language-server/config/org.eclipse.equinox.launcher/org.eclipse.equinox.launcher.gtk.linux.x86_64_1.2.400.v20211117-0650/eclipse_11600.so
7f907ee10000-7f907ee11000 rw-p 00010000 00:328 310                       /home/runner/NFLTeam/.cache/jdt-language-server/config/org.eclipse.equinox.launcher/org.eclipse.equinox.launcher.gtk.linux.x86_64_1.2.400.v20211117-0650/eclipse_11600.so
7f907eefe000-7f907eeff000 ---p 00000000 00:00 0 
7f907eeff000-7f907f000000 rw-p 00000000 00:00 0 
7f907f700000-7f907f800000 ---p 00000000 00:00 0 
7f907f800000-7f907fdaf000 r--p 01122000 08:30 707802136                  /nix/store/gpxl5qgg8kicmcvivwmybwjlpf7wh20l-graalvm17-ce-22.3.0/lib/libjvmcicompiler.so
7f907fdaf000-7f907ff00000 r--p 00000000 00:00 0 
7f907ff00000-7f907ff3d000 rw-p 00000000 00:00 0 
7f907ff3d000-7f908045d000 rw-p 0185f000 08:30 707802136                  /nix/store/gpxl5qgg8kicmcvivwmybwjlpf7wh20l-graalvm17-ce-22.3.0/lib/libjvmcicompiler.so
7f908045d000-7f9080844000 r--p 01d7f000 08:30 707802136                  /nix/store/gpxl5qgg8kicmcvivwmybwjlpf7wh20l-graalvm17-ce-22.3.0/lib/libjvmcicompiler.so
7f9080900000-7f9080904000 ---p 00000000 00:00 0 
7f9080904000-7f9080a00000 rw-p 00000000 00:00 0 
7f9080b00000-7f9080b04000 ---p 00000000 00:00 0 
7f9080b04000-7f9080c00000 rw-p 00000000 00:00 0 
7f9080d00000-7f9080d04000 ---p 00000000 00:00 0 
7f9080d04000-7f9080e00000 rw-p 00000000 00:00 0 
7f9080f00000-7f9080f04000 ---p 00000000 00:00 0 
7f9080f04000-7f9081000000 rw-p 00000000 00:00 0 
7f9081100000-7f9081104000 ---p 00000000 00:00 0 
7f9081104000-7f9081200000 rw-p 00000000 00:00 0 
7f9081200000-7f9081204000 ---p 00000000 00:00 0 
7f9081204000-7f9081300000 rw-p 00000000 00:00 0 
7f9081300000-7f9081304000 ---p 00000000 00:00 0 
7f9081304000-7f9081400000 rw-p 00000000 00:00 0 
7f9081500000-7f9081504000 ---p 00000000 00:00 0 
7f9081504000-7f9081600000 rw-p 00000000 00:00 0 
7f9081700000-7f9081704000 ---p 00000000 00:00 0 
7f9081704000-7f9081800000 rw-p 00000000 00:00 0 
7f9081900000-7f9081904000 ---p 00000000 00:00 0 
7f9081904000-7f9081a00000 rw-p 00000000 00:00 0 
7f9081a00000-7f9081a04000 ---p 00000000 00:00 0 
7f9081a04000-7f9081b00000 rw-p 00000000 00:00 0 
7f9081b00000-7f9081b04000 ---p 00000000 00:00 0 
7f9081b04000-7f9081c00000 rw-p 00000000 00:00 0 
7f9081c00000-7f9083d6a000 r-xp 00000000 08:30 707802136                  /nix/store/gpxl5qgg8kicmcvivwmybwjlpf7wh20l-graalvm17-ce-22.3.0/lib/libjvmcicompiler.so
7f9083d6a000-7f9083f69000 ---p 0216a000 08:30 707802136                  /nix/store/gpxl5qgg8kicmcvivwmybwjlpf7wh20l-graalvm17-ce-22.3.0/lib/libjvmcicompiler.so
7f9083f69000-7f9083f6a000 r--p 02169000 08:30 707802136                  /nix/store/gpxl5qgg8kicmcvivwmybwjlpf7wh20l-graalvm17-ce-22.3.0/lib/libjvmcicompiler.so
7f9083f6a000-7f9083f6c000 rw-p 0216a000 08:30 707802136                  /nix/store/gpxl5qgg8kicmcvivwmybwjlpf7wh20l-graalvm17-ce-22.3.0/lib/libjvmcicompiler.so
7f9083f6c000-7f9083f6d000 rw-p 00000000 00:00 0 
7f9083f6d000-7f9083f72000 rw-p 023c3000 08:30 707802136                  /nix/store/gpxl5qgg8kicmcvivwmybwjlpf7wh20l-graalvm17-ce-22.3.0/lib/libjvmcicompiler.so
7f9084000000-7f9084021000 rw-p 00000000 00:00 0 
7f9084021000-7f9088000000 ---p 00000000 00:00 0 
7f9088000000-7f908817c000 rw-p 00000000 00:00 0 
7f908817c000-7f908c000000 ---p 00000000 00:00 0 
7f908c000000-7f908c079000 rw-p 00000000 00:00 0 
7f908c079000-7f9090000000 ---p 00000000 00:00 0 
7f9090000000-7f9090021000 rw-p 00000000 00:00 0 
7f9090021000-7f9094000000 ---p 00000000 00:00 0 
7f9094000000-7f909414d000 rw-p 00000000 00:00 0 
7f909414d000-7f9098000000 ---p 00000000 00:00 0 
7f9098000000-7f9098c23000 rw-p 00000000 00:00 0 
7f9098c23000-7f909c000000 ---p 00000000 00:00 0 
7f909c000000-7f909c021000 rw-p 00000000 00:00 0 
7f909c021000-7f90a0000000 ---p 00000000 00:00 0 
7f90a0000000-7f90a0021000 rw-p 00000000 00:00 0 
7f90a0021000-7f90a4000000 ---p 00000000 00:00 0 
7f90a4000000-7f90a4021000 rw-p 00000000 00:00 0 
7f90a4021000-7f90a8000000 ---p 00000000 00:00 0 
7f90a8000000-7f90a8021000 rw-p 00000000 00:00 0 
7f90a8021000-7f90ac000000 ---p 00000000 00:00 0 
7f90ac000000-7f90ac021000 rw-p 00000000 00:00 0 
7f90ac021000-7f90b0000000 ---p 00000000 00:00 0 
7f90b0000000-7f90b0021000 rw-p 00000000 00:00 0 
7f90b0021000-7f90b4000000 ---p 00000000 00:00 0 
7f90b4000000-7f90b4027000 rw-p 00000000 00:00 0 
7f90b4027000-7f90b8000000 ---p 00000000 00:00 0 
7f90b8000000-7f90b8004000 ---p 00000000 00:00 0 
7f90b8004000-7f90b8100000 rw-p 00000000 00:00 0 
7f90b8200000-7f90b8204000 ---p 00000000 00:00 0 
7f90b8204000-7f90b8300000 rw-p 00000000 00:00 0 
7f90b8300000-7f90b8304000 ---p 00000000 00:00 0 
7f90b8304000-7f90b8400000 rw-p 00000000 00:00 0 
7f90b8400000-7f90b8404000 ---p 00000000 00:00 0 
7f90b8404000-7f90b8500000 rw-p 00000000 00:00 0 
7f90b8600000-7f90b8604000 ---p 00000000 00:00 0 
7f90b8604000-7f90b8700000 rw-p 00000000 00:00 0 
7f90b8800000-7f90b8804000 ---p 00000000 00:00 0 
7f90b8804000-7f90b8900000 rw-p 00000000 00:00 0 
7f90b8c00000-7f90b8d00000 rw-p 00000000 00:00 0 
7f90b8da9000-7f90b9100000 rw-p 00000000 00:00 0 
7f90b9200000-7f90b9300000 rw-p 00000000 00:00 0 
7f90b9400000-7f90b9404000 ---p 00000000 00:00 0 
7f90b9404000-7f90b9500000 rw-p 00000000 00:00 0 
7f90b9500000-7f90b9504000 ---p 00000000 00:00 0 
7f90b9504000-7f90b9600000 rw-p 00000000 00:00 0 
7f90b9700000-7f90b9704000 ---p 00000000 00:00 0 
7f90b9704000-7f90b9800000 rw-p 00000000 00:00 0 
7f90b9800000-7f90b9804000 ---p 00000000 00:00 0 
7f90b9804000-7f90b9900000 rw-p 00000000 00:00 0 
7f90b9946000-7f90b994a000 ---p 00000000 00:00 0 
7f90b994a000-7f90b9a46000 rw-p 00000000 00:00 0 
7f90b9a46000-7f90b9a47000 ---p 00000000 00:00 0 
7f90b9a47000-7f90b9b48000 rw-p 00000000 00:00 0 
7f90b9b48000-7f90b9b4c000 ---p 00000000 00:00 0 
7f90b9b4c000-7f90b9c48000 rw-p 00000000 00:00 0 
7f90b9c48000-7f90b9c4c000 ---p 00000000 00:00 0 
7f90b9c4c000-7f90b9d48000 rw-p 00000000 00:00 0 
7f90b9d48000-7f90b9d4c000 ---p 00000000 00:00 0 
7f90b9d4c000-7f90b9e48000 rw-p 00000000 00:00 0 
7f90b9e48000-7f90b9e4c000 ---p 00000000 00:00 0 
7f90b9e4c000-7f90ba048000 rw-p 00000000 00:00 0 
7f90ba048000-7f90ba04c000 ---p 00000000 00:00 0 
7f90ba04c000-7f90ba248000 rw-p 00000000 00:00 0 
7f90ba248000-7f90ba24c000 ---p 00000000 00:00 0 
7f90ba24c000-7f90ba348000 rw-p 00000000 00:00 0 
7f90ba348000-7f90ba34c000 ---p 00000000 00:00 0 
7f90ba34c000-7f90ba448000 rw-p 00000000 00:00 0 
7f90ba448000-7f90ba44c000 ---p 00000000 00:00 0 
7f90ba44c000-7f90ba548000 rw-p 00000000 00:00 0 
7f90ba548000-7f90ba82e000 r--p 00000000 fc:00 28444448                   /usr/lib/locale/locale-archive
7f90ba82e000-7f90ba832000 ---p 00000000 00:00 0 
7f90ba832000-7f90ba92e000 rw-p 00000000 00:00 0 
7f90ba92e000-7f90ba932000 ---p 00000000 00:00 0 
7f90ba932000-7f90baa2e000 rw-p 00000000 00:00 0 
7f90baa2e000-7f90baa2f000 ---p 00000000 00:00 0 
7f90baa2f000-7f90bab30000 rw-p 00000000 00:00 0 
7f90bab30000-7f90babfe000 r-xp 00000000 08:30 707802132                  /nix/store/gpxl5qgg8kicmcvivwmybwjlpf7wh20l-graalvm17-ce-22.3.0/lib/libjsvml.so
7f90babfe000-7f90babff000 r--p 000cd000 08:30 707802132                  /nix/store/gpxl5qgg8kicmcvivwmybwjlpf7wh20l-graalvm17-ce-22.3.0/lib/libjsvml.so
7f90babff000-7f90bac00000 rw-p 000ce000 08:30 707802132                  /nix/store/gpxl5qgg8kicmcvivwmybwjlpf7wh20l-graalvm17-ce-22.3.0/lib/libjsvml.so
7f90bac00000-7f90baff0000 rw-p 00000000 00:00 0 
7f90baff0000-7f90bb2f0000 rw-p 00000000 00:00 0 
7f90bb2f0000-7f90bb400000 rw-p 00000000 00:00 0 
7f90bb450000-7f90bb454000 ---p 00000000 00:00 0 
7f90bb454000-7f90bb472000 rw-p 00000000 00:00 0 
7f90bb472000-7f90bb479000 r-xp 00000000 08:30 707804676                  /nix/store/gpxl5qgg8kicmcvivwmybwjlpf7wh20l-graalvm17-ce-22.3.0/lib/libzip.so
7f90bb479000-7f90bb47a000 ---p 00007000 08:30 707804676                  /nix/store/gpxl5qgg8kicmcvivwmybwjlpf7wh20l-graalvm17-ce-22.3.0/lib/libzip.so
7f90bb47a000-7f90bb47b000 r--p 00007000 08:30 707804676                  /nix/store/gpxl5qgg8kicmcvivwmybwjlpf7wh20l-graalvm17-ce-22.3.0/lib/libzip.so
7f90bb47b000-7f90bb47c000 rw-p 00008000 08:30 707804676                  /nix/store/gpxl5qgg8kicmcvivwmybwjlpf7wh20l-graalvm17-ce-22.3.0/lib/libzip.so
7f90bb47c000-7f90bb47e000 rw-p 0000b000 08:30 707804676                  /nix/store/gpxl5qgg8kicmcvivwmybwjlpf7wh20l-graalvm17-ce-22.3.0/lib/libzip.so
7f90bb47e000-7f90bb493000 r-xp 00000000 08:30 707804666                  /nix/store/gpxl5qgg8kicmcvivwmybwjlpf7wh20l-graalvm17-ce-22.3.0/lib/libnet.so
7f90bb493000-7f90bb494000 ---p 00015000 08:30 707804666                  /nix/store/gpxl5qgg8kicmcvivwmybwjlpf7wh20l-graalvm17-ce-22.3.0/lib/libnet.so
7f90bb494000-7f90bb495000 r--p 00015000 08:30 707804666                  /nix/store/gpxl5qgg8kicmcvivwmybwjlpf7wh20l-graalvm17-ce-22.3.0/lib/libnet.so
7f90bb495000-7f90bb496000 rw-p 00016000 08:30 707804666                  /nix/store/gpxl5qgg8kicmcvivwmybwjlpf7wh20l-graalvm17-ce-22.3.0/lib/libnet.so
7f90bb496000-7f90bb499000 rw-p 0001b000 08:30 707804666                  /nix/store/gpxl5qgg8kicmcvivwmybwjlpf7wh20l-graalvm17-ce-22.3.0/lib/libnet.so
7f90bb499000-7f90bb4ac000 r-xp 00000000 08:30 707804667                  /nix/store/gpxl5qgg8kicmcvivwmybwjlpf7wh20l-graalvm17-ce-22.3.0/lib/libnio.so
7f90bb4ac000-7f90bb4ad000 r--p 00012000 08:30 707804667                  /nix/store/gpxl5qgg8kicmcvivwmybwjlpf7wh20l-graalvm17-ce-22.3.0/lib/libnio.so
7f90bb4ad000-7f90bb4ae000 rw-p 00013000 08:30 707804667                  /nix/store/gpxl5qgg8kicmcvivwmybwjlpf7wh20l-graalvm17-ce-22.3.0/lib/libnio.so
7f90bb4ae000-7f90bb4b3000 rw-p 00019000 08:30 707804667                  /nix/store/gpxl5qgg8kicmcvivwmybwjlpf7wh20l-graalvm17-ce-22.3.0/lib/libnio.so
7f90bb4b3000-7f90bb723000 rwxp 00000000 00:00 0 
7f90bb723000-7f90bba42000 ---p 00000000 00:00 0 
7f90bba42000-7f90bd7e2000 rwxp 00000000 00:00 0 
7f90bd7e2000-7f90c2f7a000 ---p 00000000 00:00 0 
7f90c2f7a000-7f90c34da000 rwxp 00000000 00:00 0 
7f90c34da000-7f90ca4b3000 ---p 00000000 00:00 0 
7f90ca4b3000-7f90d4000000 r--s 00000000 08:30 707804677                  /nix/store/gpxl5qgg8kicmcvivwmybwjlpf7wh20l-graalvm17-ce-22.3.0/lib/modules
7f90d4000000-7f90d4483000 rw-p 00000000 00:00 0 
7f90d4483000-7f90d8000000 ---p 00000000 00:00 0 
7f90d8006000-7f90d9bd3000 rw-p 00000000 00:00 0 
7f90d9bd3000-7f90d9be1000 ---p 00000000 00:00 0 
7f90d9be1000-7f90d9be2000 ---p 00000000 00:00 0 
7f90d9be2000-7f90d9d62000 rw-p 00000000 00:00 0 
7f90d9d62000-7f90d9d80000 rw-p 00000000 00:00 0 
7f90d9d80000-7f90d9d8d000 ---p 00000000 00:00 0 
7f90d9d8d000-7f90d9daf000 rw-p 00000000 00:00 0 
7f90d9daf000-7f90d9de3000 ---p 00000000 00:00 0 
7f90d9de3000-7f90d9def000 rw-p 00000000 00:00 0 
7f90d9def000-7f90d9ecf000 ---p 00000000 00:00 0 
7f90d9ecf000-7f90d9f0b000 rw-p 00000000 00:00 0 
7f90d9f0b000-7f90d9fba000 ---p 00000000 00:00 0 
7f90d9fba000-7f90d9fbf000 rw-p 00000000 00:00 0 
7f90d9fbf000-7f90d9fc6000 ---p 00000000 00:00 0 
7f90d9fc6000-7f90d9fea000 r-xp 00000000 08:30 707802124                  /nix/store/gpxl5qgg8kicmcvivwmybwjlpf7wh20l-graalvm17-ce-22.3.0/lib/libjava.so
7f90d9fea000-7f90d9feb000 ---p 00024000 08:30 707802124                  /nix/store/gpxl5qgg8kicmcvivwmybwjlpf7wh20l-graalvm17-ce-22.3.0/lib/libjava.so
7f90d9feb000-7f90d9fec000 r--p 00024000 08:30 707802124                  /nix/store/gpxl5qgg8kicmcvivwmybwjlpf7wh20l-graalvm17-ce-22.3.0/lib/libjava.so
7f90d9fec000-7f90d9fed000 rw-p 00025000 08:30 707802124                  /nix/store/gpxl5qgg8kicmcvivwmybwjlpf7wh20l-graalvm17-ce-22.3.0/lib/libjava.so
7f90d9fed000-7f90d9fee000 rw-p 00000000 00:00 0 
7f90d9fee000-7f90d9ff5000 rw-p 0002f000 08:30 707802124                  /nix/store/gpxl5qgg8kicmcvivwmybwjlpf7wh20l-graalvm17-ce-22.3.0/lib/libjava.so
7f90d9ff5000-7f90d9ffd000 rw-s 00000000 00:e73 396                       /tmp/hsperfdata_runner/18
7f90d9ffd000-7f90d9ffe000 ---p 00000000 00:00 0 
7f90d9ffe000-7f90d9fff000 r--p 00000000 00:00 0 
7f90d9fff000-7f90da000000 ---p 00000000 00:00 0 
7f90da000000-7f90da01b000 r-xp 00000000 08:30 707802128                  /nix/store/gpxl5qgg8kicmcvivwmybwjlpf7wh20l-graalvm17-ce-22.3.0/lib/libjimage.so
7f90da01b000-7f90da01c000 ---p 0001b000 08:30 707802128                  /nix/store/gpxl5qgg8kicmcvivwmybwjlpf7wh20l-graalvm17-ce-22.3.0/lib/libjimage.so
7f90da01c000-7f90da01e000 r--p 0001b000 08:30 707802128                  /nix/store/gpxl5qgg8kicmcvivwmybwjlpf7wh20l-graalvm17-ce-22.3.0/lib/libjimage.so
7f90da01e000-7f90da01f000 rw-p 0001d000 08:30 707802128                  /nix/store/gpxl5qgg8kicmcvivwmybwjlpf7wh20l-graalvm17-ce-22.3.0/lib/libjimage.so
7f90da01f000-7f90da020000 rw-p 00024000 08:30 707802128                  /nix/store/gpxl5qgg8kicmcvivwmybwjlpf7wh20l-graalvm17-ce-22.3.0/lib/libjimage.so
7f90da020000-7f90da024000 ---p 00000000 00:00 0 
7f90da024000-7f90da120000 rw-p 00000000 00:00 0 
7f90da120000-7f90da12e000 r--p 00000000 08:30 600592023                  /nix/store/4nlgxhb09sdr51nc9hdm8az5b08vzkgx-glibc-2.35-163/lib/libm.so.6
7f90da12e000-7f90da1a1000 r-xp 0000e000 08:30 600592023                  /nix/store/4nlgxhb09sdr51nc9hdm8az5b08vzkgx-glibc-2.35-163/lib/libm.so.6
7f90da1a1000-7f90da1fe000 r--p 00081000 08:30 600592023                  /nix/store/4nlgxhb09sdr51nc9hdm8az5b08vzkgx-glibc-2.35-163/lib/libm.so.6
7f90da1fe000-7f90da1ff000 r--p 000dd000 08:30 600592023                  /nix/store/4nlgxhb09sdr51nc9hdm8az5b08vzkgx-glibc-2.35-163/lib/libm.so.6
7f90da1ff000-7f90da200000 rw-p 000de000 08:30 600592023                  /nix/store/4nlgxhb09sdr51nc9hdm8az5b08vzkgx-glibc-2.35-163/lib/libm.so.6
7f90da200000-7f90da201000 r--p 00000000 08:30 600592042                  /nix/store/4nlgxhb09sdr51nc9hdm8az5b08vzkgx-glibc-2.35-163/lib/librt.so.1
7f90da201000-7f90da202000 r-xp 00001000 08:30 600592042                  /nix/store/4nlgxhb09sdr51nc9hdm8az5b08vzkgx-glibc-2.35-163/lib/librt.so.1
7f90da202000-7f90da203000 r--p 00002000 08:30 600592042                  /nix/store/4nlgxhb09sdr51nc9hdm8az5b08vzkgx-glibc-2.35-163/lib/librt.so.1
7f90da203000-7f90da204000 r--p 00002000 08:30 600592042                  /nix/store/4nlgxhb09sdr51nc9hdm8az5b08vzkgx-glibc-2.35-163/lib/librt.so.1
7f90da204000-7f90da205000 rw-p 00003000 08:30 600592042                  /nix/store/4nlgxhb09sdr51nc9hdm8az5b08vzkgx-glibc-2.35-163/lib/librt.so.1
7f90da205000-7f90db318000 r-xp 00000000 08:30 707972962                  /nix/store/gpxl5qgg8kicmcvivwmybwjlpf7wh20l-graalvm17-ce-22.3.0/lib/server/libjvm.so
7f90db318000-7f90db319000 ---p 01113000 08:30 707972962                  /nix/store/gpxl5qgg8kicmcvivwmybwjlpf7wh20l-graalvm17-ce-22.3.0/lib/server/libjvm.so
7f90db319000-7f90db3ce000 r--p 01113000 08:30 707972962                  /nix/store/gpxl5qgg8kicmcvivwmybwjlpf7wh20l-graalvm17-ce-22.3.0/lib/server/libjvm.so
7f90db3ce000-7f90db402000 rw-p 011c8000 08:30 707972962                  /nix/store/gpxl5qgg8kicmcvivwmybwjlpf7wh20l-graalvm17-ce-22.3.0/lib/server/libjvm.so
7f90db402000-7f90db45e000 rw-p 00000000 00:00 0 
7f90db45e000-7f90db486000 r--p 00000000 08:30 600592014                  /nix/store/4nlgxhb09sdr51nc9hdm8az5b08vzkgx-glibc-2.35-163/lib/libc.so.6
7f90db486000-7f90db5fc000 r-xp 00028000 08:30 600592014                  /nix/store/4nlgxhb09sdr51nc9hdm8az5b08vzkgx-glibc-2.35-163/lib/libc.so.6
7f90db5fc000-7f90db654000 r--p 0019e000 08:30 600592014                  /nix/store/4nlgxhb09sdr51nc9hdm8az5b08vzkgx-glibc-2.35-163/lib/libc.so.6
7f90db654000-7f90db658000 r--p 001f6000 08:30 600592014                  /nix/store/4nlgxhb09sdr51nc9hdm8az5b08vzkgx-glibc-2.35-163/lib/libc.so.6
7f90db658000-7f90db65a000 rw-p 001fa000 08:30 600592014                  /nix/store/4nlgxhb09sdr51nc9hdm8az5b08vzkgx-glibc-2.35-163/lib/libc.so.6
7f90db65a000-7f90db669000 rw-p 00000000 00:00 0 
7f90db669000-7f90db66a000 r--p 00000000 08:30 600592019                  /nix/store/4nlgxhb09sdr51nc9hdm8az5b08vzkgx-glibc-2.35-163/lib/libdl.so.2
7f90db66a000-7f90db66b000 r-xp 00001000 08:30 600592019                  /nix/store/4nlgxhb09sdr51nc9hdm8az5b08vzkgx-glibc-2.35-163/lib/libdl.so.2
7f90db66b000-7f90db66c000 r--p 00002000 08:30 600592019                  /nix/store/4nlgxhb09sdr51nc9hdm8az5b08vzkgx-glibc-2.35-163/lib/libdl.so.2
7f90db66c000-7f90db66d000 r--p 00002000 08:30 600592019                  /nix/store/4nlgxhb09sdr51nc9hdm8az5b08vzkgx-glibc-2.35-163/lib/libdl.so.2
7f90db66d000-7f90db66e000 rw-p 00003000 08:30 600592019                  /nix/store/4nlgxhb09sdr51nc9hdm8az5b08vzkgx-glibc-2.35-163/lib/libdl.so.2
7f90db66e000-7f90db66f000 r--p 00000000 08:30 600592038                  /nix/store/4nlgxhb09sdr51nc9hdm8az5b08vzkgx-glibc-2.35-163/lib/libpthread.so.0
7f90db66f000-7f90db670000 r-xp 00001000 08:30 600592038                  /nix/store/4nlgxhb09sdr51nc9hdm8az5b08vzkgx-glibc-2.35-163/lib/libpthread.so.0
7f90db670000-7f90db671000 r--p 00002000 08:30 600592038                  /nix/store/4nlgxhb09sdr51nc9hdm8az5b08vzkgx-glibc-2.35-163/lib/libpthread.so.0
7f90db671000-7f90db672000 r--p 00002000 08:30 600592038                  /nix/store/4nlgxhb09sdr51nc9hdm8az5b08vzkgx-glibc-2.35-163/lib/libpthread.so.0
7f90db672000-7f90db673000 rw-p 00003000 08:30 600592038                  /nix/store/4nlgxhb09sdr51nc9hdm8az5b08vzkgx-glibc-2.35-163/lib/libpthread.so.0
7f90db673000-7f90db681000 r-xp 00000000 08:30 707802129                  /nix/store/gpxl5qgg8kicmcvivwmybwjlpf7wh20l-graalvm17-ce-22.3.0/lib/libjli.so
7f90db681000-7f90db682000 ---p 0000e000 08:30 707802129                  /nix/store/gpxl5qgg8kicmcvivwmybwjlpf7wh20l-graalvm17-ce-22.3.0/lib/libjli.so
7f90db682000-7f90db683000 r--p 0000e000 08:30 707802129                  /nix/store/gpxl5qgg8kicmcvivwmybwjlpf7wh20l-graalvm17-ce-22.3.0/lib/libjli.so
7f90db683000-7f90db684000 rw-p 0000f000 08:30 707802129                  /nix/store/gpxl5qgg8kicmcvivwmybwjlpf7wh20l-graalvm17-ce-22.3.0/lib/libjli.so
7f90db684000-7f90db685000 rw-p 00012000 08:30 707802129                  /nix/store/gpxl5qgg8kicmcvivwmybwjlpf7wh20l-graalvm17-ce-22.3.0/lib/libjli.so
7f90db685000-7f90db688000 r--p 00000000 08:30 678822167                  /nix/store/026hln0aq1hyshaxsdvhg0kmcm6yf45r-zlib-1.2.13/lib/libz.so.1.2.13
7f90db688000-7f90db69a000 r-xp 00003000 08:30 678822167                  /nix/store/026hln0aq1hyshaxsdvhg0kmcm6yf45r-zlib-1.2.13/lib/libz.so.1.2.13
7f90db69a000-7f90db6a1000 r--p 00015000 08:30 678822167                  /nix/store/026hln0aq1hyshaxsdvhg0kmcm6yf45r-zlib-1.2.13/lib/libz.so.1.2.13
7f90db6a1000-7f90db6a2000 r--p 0001b000 08:30 678822167                  /nix/store/026hln0aq1hyshaxsdvhg0kmcm6yf45r-zlib-1.2.13/lib/libz.so.1.2.13
7f90db6a2000-7f90db6a3000 rw-p 0001c000 08:30 678822167                  /nix/store/026hln0aq1hyshaxsdvhg0kmcm6yf45r-zlib-1.2.13/lib/libz.so.1.2.13
7f90db6a3000-7f90db6a5000 rw-p 00000000 00:00 0 
7f90db6a5000-7f90db6a7000 r--p 00000000 08:30 600592008                  /nix/store/4nlgxhb09sdr51nc9hdm8az5b08vzkgx-glibc-2.35-163/lib/ld-linux-x86-64.so.2
7f90db6a7000-7f90db6ce000 r-xp 00002000 08:30 600592008                  /nix/store/4nlgxhb09sdr51nc9hdm8az5b08vzkgx-glibc-2.35-163/lib/ld-linux-x86-64.so.2
7f90db6ce000-7f90db6da000 r--p 00029000 08:30 600592008                  /nix/store/4nlgxhb09sdr51nc9hdm8az5b08vzkgx-glibc-2.35-163/lib/ld-linux-x86-64.so.2
7f90db6da000-7f90db6dc000 r--p 00034000 08:30 600592008                  /nix/store/4nlgxhb09sdr51nc9hdm8az5b08vzkgx-glibc-2.35-163/lib/ld-linux-x86-64.so.2
7f90db6dc000-7f90db6de000 rw-p 00036000 08:30 600592008                  /nix/store/4nlgxhb09sdr51nc9hdm8az5b08vzkgx-glibc-2.35-163/lib/ld-linux-x86-64.so.2
7ffced8bb000-7ffced8df000 rw-p 00000000 00:00 0                          [stack]
7ffced9a7000-7ffced9ab000 r--p 00000000 00:00 0                          [vvar]
7ffced9ab000-7ffced9ad000 r-xp 00000000 00:00 0                          [vdso]
ffffffffff600000-ffffffffff601000 --xp 00000000 00:00 0                  [vsyscall]


VM Arguments:
jvm_args: -XX:ThreadPriorityPolicy=1 -XX:+UnlockExperimentalVMOptions -XX:+EnableJVMCIProduct -XX:JVMCIThreadsPerNativeLibraryRuntime=1 -XX:-UnlockExperimentalVMOptions -Declipse.application=org.eclipse.jdt.ls.core.id1 -Dosgi.bundles.defaultStartLevel=4 -Declipse.product=org.eclipse.jdt.ls.core.product -Dlog.level=ALL -Xverify:none -XX:+UseParallelGC -XX:GCTimeRatio=4 -XX:AdaptiveSizePolicyWeight=90 -Dsun.zip.disableMemoryMapping=true -Xmx512m -Xms100m 
java_command: /nix/store/q9712qvwdh22a4krw4jz2sjrz07mvjbl-jdt-language-server-1.9.0/share/java/plugins/org.eclipse.equinox.launcher_1.6.400.v20210924-0641.jar --add-modules=ALL-SYSTEM --add-opens java.base/java.util=ALL-UNNAMED --add-opens java.base/java.lang=ALL-UNNAMED -configuration /home/runner/NFLTeam/.cache/jdt-language-server/config -data /home/runner/.cache/jdt-language-server/data/home/runner/NFLTeam
java_class_path (initial): /nix/store/q9712qvwdh22a4krw4jz2sjrz07mvjbl-jdt-language-server-1.9.0/share/java/plugins/org.eclipse.equinox.launcher_1.6.400.v20210924-0641.jar
Launcher Type: SUN_STANDARD

[Global flags]
    uintx AdaptiveSizePolicyWeight                 = 90                                        {product} {command line}
     intx CICompilerCount                          = 2                                         {product} {ergonomic}
     bool EnableJVMCIProduct                       = true                                {JVMCI product} {jimage}
    uintx GCTimeRatio                              = 4                                         {product} {command line}
   size_t InitialHeapSize                          = 104857600                                 {product} {command line}
     uint JVMCIThreadsPerNativeLibraryRuntime      = 1                                   {JVMCI product} {jimage}
   size_t MaxHeapSize                              = 536870912                                 {product} {command line}
   size_t MaxNewSize                               = 178782208                                 {product} {ergonomic}
   size_t MinHeapDeltaBytes                        = 524288                                    {product} {ergonomic}
   size_t MinHeapSize                              = 104857600                                 {product} {command line}
   size_t NewSize                                  = 34603008                                  {product} {ergonomic}
    uintx NonNMethodCodeHeapSize                   = 5826188                                {pd product} {ergonomic}
    uintx NonProfiledCodeHeapSize                  = 122916026                              {pd product} {ergonomic}
   size_t OldSize                                  = 70254592                                  {product} {ergonomic}
    uintx ProfiledCodeHeapSize                     = 122916026                              {pd product} {ergonomic}
    uintx ReservedCodeCacheSize                    = 251658240                              {pd product} {ergonomic}
     bool SegmentedCodeCache                       = true                                      {product} {ergonomic}
   size_t SoftMaxHeapSize                          = 536870912                              {manageable} {ergonomic}
     intx ThreadPriorityPolicy                     = 1                                         {product} {jimage}
     bool UseCompressedClassPointers               = true                           {product lp64_product} {ergonomic}
     bool UseCompressedOops                        = true                           {product lp64_product} {ergonomic}
     bool UseParallelGC                            = true                                      {product} {command line}

Logging:
Log output configuration:
 #0: stdout all=warning uptime,level,tags
 #1: stderr all=off uptime,level,tags

Environment Variables:
JAVA_HOME=/nix/store/gpxl5qgg8kicmcvivwmybwjlpf7wh20l-graalvm17-ce-22.3.0
PATH=/nix/store/1d6ian3r8kdzspw8hacjhl3xkp40g1lj-binutils-wrapper-2.39/bin:/nix/store/dq0xwmsk1g0i2ayg6pb7y87na2knzylh-gcc-wrapper-11.3.0/bin:/nix/store/bap4d0lpcrhpwmpb8ayjcgkmvfj62lnq-bash-interactive-5.1-p16/bin:/nix/store/pr5n59mb4jzmfx6kanwxly0l07p861fg-patchelf-0.15.0/bin:/nix/store/1gf2flfqnpqbr1b4p4qz2f72y42bs56r-gcc-11.3.0/bin:/nix/store/57xv61c5zi8pphjbcwxxjlgc34p61ic9-glibc-2.35-163-bin/bin:/nix/store/a7gvj343m05j2s32xcnwr35v31ynlypr-coreutils-9.1/bin:/nix/store/039g378vc3pc3dvi9dzdlrd0i4q93qwf-binutils-2.39/bin:/nix/store/gpxl5qgg8kicmcvivwmybwjlpf7wh20l-graalvm17-ce-22.3.0/bin:/nix/store/6z9ag3ihc8mq2hzsw48lhbznvzny65nz-apache-maven-3.8.6/bin:/nix/store/q9712qvwdh22a4krw4jz2sjrz07mvjbl-jdt-language-server-1.9.0/bin:/nix/store/9zdrgm97n766nc0kj11x4xvvp00qlfk9-java-debug/bin:/nix/store/mydc6f4k2z73xlcz7ilif3v2lcaiqvza-findutils-4.9.0/bin:/nix/store/j9p3g8472iijd50vhdprx0nmk2fqn5gv-diffutils-3.8/bin:/nix/store/89zs7rms6x00xfq4dq6m7mjnhkr8a6r4-gnused-4.8/bin:/nix/store/86bp03jkmsl6f92w0yzg4s59g5mhxwmy-gnugrep-3.7/bin:/nix/store/hwcdqw4jrjnd37wxqgsd47hd0j8bnj09-gawk-5.1.1/bin:/nix/store/cfbhw8r8ags41vwqaz47r583d0p4h4a1-gnutar-1.34/bin:/nix/store/p3m1ndl1lapwrlh698bnb5lvvxh67378-gzip-1.12/bin:/nix/store/a8mhcagrsly7c7mpjrpsnaahk4aax056-bzip2-1.0.8-bin/bin:/nix/store/mblgz65m3zv9x548a3d5m96fj2pbwr09-gnumake-4.3/bin:/nix/store/dsd5gz46hdbdk2rfdimqddhq6m8m8fqs-bash-5.1-p16/bin:/nix/store/v7ljksji50mg3w61dykaa3n3y79n6nil-patch-2.7.6/bin:/nix/store/zlcnmqq14jz5x9439jf937mvayyl63da-xz-5.2.7-bin/bin:/nix/store/y6aj732zm9m87c82fpvf103a1xb22blp-file-5.43/bin:/nix/store/yq0vlv3d2f5si3ibawpq5ay2pc6knixp-nix-2.18.0pre20230808_c0e6466/bin:/nix/store/i4kzir3m7mrisxmf5xvlnkw01x4qaqr4-prybar-elisp-0.0.0-e0d9a52/bin:/nix/store/lwwivxf6h7x3cvxp9zv8sj0mv7dak99r-prybar-lua-0.0.0-e0d9a52/bin:/nix/store/gxj28g1cg4hq3qanmjv07156h800qr58-prybar-python3-0.0.0-e0d9a52/bin:/nix/store/hshkjnxrgidigf8x75vg6lqng2xlx9i3-prybar-sqlite-0.0.0-e0d9a52/bin:/nix/store/c4w01bpjgyy5ixmwdk8m1pw87zq4sl
LD_LIBRARY_PATH=/nix/store/a4pff549sk2idnkpzk5nsfps3mdkdnvm-cups-2.4.2-lib/lib:/nix/store/72mqxxhh3cy5yifh92wh2yb8cl2hikyy-cairo-1.16.0/lib:/nix/store/2k366jrbsra97gjfxwvrhvixjfxdach5-glib-2.74.1/lib:/nix/store/2j2znigd8ak37rlwh9khz0ry3clqlw1l-gtk+3-3.24.34/lib
DISPLAY=:0
LANG=en_US.UTF-8

Signal Handlers:
   SIGSEGV: crash_handler in libjvm.so, mask=11100100010111111101111111111110, flags=SA_RESTART|SA_SIGINFO
    SIGBUS: crash_handler in libjvm.so, mask=11100100010111111101111111111110, flags=SA_RESTART|SA_SIGINFO
    SIGFPE: crash_handler in libjvm.so, mask=11100100010111111101111111111110, flags=SA_RESTART|SA_SIGINFO
   SIGPIPE: IsolateEnterStub_IgnoreSIGPIPEStartupHook_noopSignalHandler_8f19bff2f35b5f630d83b364d6b2339320d4ec70_216e8361c6bc87a8f89f58cc10d3b2fd4415bf87 in libjvmcicompiler.so, mask=00000000000000000000000000000000, flags=SA_RESTART
  *** Handler was modified!
  *** Expected: javaSignalHandler in libjvm.so, mask=11100100110111111111111111111110, flags=SA_RESTART|SA_SIGINFO
   SIGXFSZ: javaSignalHandler in libjvm.so, mask=11100100010111111101111111111110, flags=SA_RESTART|SA_SIGINFO
    SIGILL: crash_handler in libjvm.so, mask=11100100010111111101111111111110, flags=SA_RESTART|SA_SIGINFO
   SIGUSR2: SR_handler in libjvm.so, mask=00000000000000000000000000000000, flags=SA_RESTART|SA_SIGINFO
    SIGHUP: UserHandler in libjvm.so, mask=11100100010111111101111111111110, flags=SA_RESTART|SA_SIGINFO
    SIGINT: UserHandler in libjvm.so, mask=11100100010111111101111111111110, flags=SA_RESTART|SA_SIGINFO
   SIGTERM: UserHandler in libjvm.so, mask=11100100010111111101111111111110, flags=SA_RESTART|SA_SIGINFO
   SIGQUIT: UserHandler in libjvm.so, mask=11100100010111111101111111111110, flags=SA_RESTART|SA_SIGINFO
  *** Handler was modified!
  *** Expected: javaSignalHandler in libjvm.so, mask=11100100110111111111111111111110, flags=SA_RESTART|SA_SIGINFO
   SIGTRAP: crash_handler in libjvm.so, mask=11100100010111111101111111111110, flags=SA_RESTART|SA_SIGINFO


---------------  S Y S T E M  ---------------

OS:
DISTRIB_ID=Ubuntu
DISTRIB_RELEASE=20.04
DISTRIB_CODENAME=focal
DISTRIB_DESCRIPTION="Ubuntu 20.04.2 LTS"
uname: Linux 6.5.0-1013-gcp #13~22.04.1-Ubuntu SMP Wed Jan 24 23:39:40 UTC 2024 x86_64
OS uptime: 0 days 6:37 hours
libc: glibc 2.35 NPTL 2.35 
rlimit (soft/hard): STACK 8192k/infinity , CORE infinity/infinity , NPROC infinity/infinity , NOFILE 20971/20971 , AS infinity/infinity , CPU infinity/infinity , DATA infinity/infinity , FSIZE infinity/infinity , MEMLOCK 8192k/8192k
load average: 36.20 30.00 24.85

/proc/meminfo:
MemTotal:       65835408 kB
MemFree:        47419740 kB
MemAvailable:   55393816 kB
Buffers:          816496 kB
Cached:          6949236 kB
SwapCached:            0 kB
Active:         11754776 kB
Inactive:        4764356 kB
Active(anon):    7432236 kB
Inactive(anon):  1297424 kB
Active(file):    4322540 kB
Inactive(file):  3466932 kB
Unevictable:       27752 kB
Mlocked:           27752 kB
SwapTotal:             0 kB
SwapFree:              0 kB
Zswap:                 0 kB
Zswapped:              0 kB
Dirty:              3648 kB
Writeback:          1280 kB
AnonPages:       8549264 kB
Mapped:          1493604 kB
Shmem:             14972 kB
KReclaimable:     911056 kB
Slab:            1372628 kB
SReclaimable:     911056 kB
SUnreclaim:       461572 kB
KernelStack:       69144 kB
PageTables:       139000 kB
SecPageTables:         0 kB
NFS_Unstable:          0 kB
Bounce:                0 kB
WritebackTmp:          0 kB
CommitLimit:    32917704 kB
Committed_AS:   34860932 kB
VmallocTotal:   34359738367 kB
VmallocUsed:       91916 kB
VmallocChunk:          0 kB
Percpu:            37120 kB
HardwareCorrupted:     0 kB
AnonHugePages:    901120 kB
ShmemHugePages:        0 kB
ShmemPmdMapped:        0 kB
FileHugePages:         0 kB
FilePmdMapped:         0 kB
Unaccepted:            0 kB
HugePages_Total:       0
HugePages_Free:        0
HugePages_Rsvd:        0
HugePages_Surp:        0
Hugepagesize:       2048 kB
Hugetlb:               0 kB
DirectMap4k:      260920 kB
DirectMap2M:    25950208 kB
DirectMap1G:    42991616 kB

/sys/kernel/mm/transparent_hugepage/enabled: always [madvise] never
/sys/kernel/mm/transparent_hugepage/defrag (defrag/compaction efforts parameter): always defer defer+madvise [madvise] never

Process Memory:
Virtual Size: 4867924K (peak: 4902716K)
Resident Set Size: 773076K (peak: 875324K) (anon: 571156K, file: 201920K, shmem: 0K)
Swapped out: 0K
C-Heap outstanding allocations: 45704K, retained: 16191K
glibc malloc tunables: (default)

/proc/sys/kernel/threads-max (system-wide limit on the number of threads): 514277
/proc/sys/vm/max_map_count (maximum number of memory map areas a process may have): 65530
/proc/sys/kernel/pid_max (system-wide limit on number of process identifiers): 4194304

container (cgroup) information:
container_type: cgroupv2
cpu_cpuset_cpus: not supported
cpu_memory_nodes: not supported
active_processor_count: 2
cpu_quota: 200000
cpu_period: 100000
cpu_shares: no shares
memory_limit_in_bytes: 3292528 k
memory_and_swap_limit_in_bytes: unlimited
memory_soft_limit_in_bytes: 2097152 k
memory_usage_in_bytes: 705124 k
memory_max_usage_in_bytes: not supported
maximum number of tasks: not supported
current number of tasks: not supported

KVM virtualization detected
Steal ticks since vm start: 2535
Steal ticks percentage since vm start:  0.002

CPU: total 8 (initial active 2) (4 cores per cpu, 2 threads per core) family 6 model 79 stepping 0 microcode 0xffffffff, cx8, cmov, fxsr, ht, mmx, 3dnowpref, sse, sse2, sse3, ssse3, sse4.1, sse4.2, popcnt, lzcnt, tsc, tscinvbit, avx, avx2, aes, erms, clmul, bmi1, bmi2, rtm, adx, fma, vzeroupper, clflush, hv
CPU Model and flags from /proc/cpuinfo:
model name	: Intel(R) Xeon(R) CPU @ 2.20GHz
flags		: fpu vme de pse tsc msr pae mce cx8 apic sep mtrr pge mca cmov pat pse36 clflush mmx fxsr sse sse2 ss ht syscall nx pdpe1gb rdtscp lm constant_tsc rep_good nopl xtopology nonstop_tsc cpuid tsc_known_freq pni pclmulqdq ssse3 fma cx16 pcid sse4_1 sse4_2 x2apic movbe popcnt aes xsave avx f16c rdrand hypervisor lahf_lm abm 3dnowprefetch invpcid_single pti ssbd ibrs ibpb stibp fsgsbase tsc_adjust bmi1 hle avx2 smep bmi2 erms invpcid rtm rdseed adx smap xsaveopt arat md_clear arch_capabilities

Online cpus: 0-7
Offline cpus: 
BIOS frequency limitation: <Not Available>
Frequency switch latency (ns): <Not Available>
Available cpu frequencies: <Not Available>
Current governor: <Not Available>
Core performance/turbo boost: <Not Available>

Memory: 4k page, physical 3292528k(2587396k free), swap 0k(0k free)
Page Sizes: 4k

vm_info: OpenJDK 64-Bit Server VM (17.0.5+8-jvmci-22.3-b08) for linux-amd64 JRE (17.0.5+8-jvmci-22.3-b08), built on Oct 19 2022 09:01:27 by "buildslave" with gcc 10.3.0

END.
